
=======================================
12:54:59: '>>> UndotreeToggle()'
12:54:59: 'Unique window id assigned: id_1'
12:54:59: 'undotree_2 Toggle()'
12:54:59: 'undotree.Show()'
12:54:59: 's:exec() silent keepalt topleft vertical30 new undotree_2'
12:54:59: 's:exec() norm! 2^W^W'
12:54:59: 'undotree.Update() update whole tree'
12:54:59: 'SetFocus() winnr:1 bufname:undotree_2'
12:54:59: 's:exec_silent() norm! 1^W^W'
12:54:59: 's:exec() 1,$ d _'
12:54:59: 's:exec() $d _'
12:54:59: 'bak(cur,curhead,newhead): -1 -1 -1'
12:54:59: '(cur,curhead,newhead): 27 28 31'
12:54:59: 's:exec() normal! 8G'
12:54:59: 'undotree.UpdateDiff()'
12:54:59: 'diffpanel.Show()'
12:54:59: 's:exec_silent() belowright 10new diffpanel_3'
12:54:59: 'SetFocus() winnr:1 bufname:undotree_2'
12:54:59: 's:exec_silent() norm! 1^W^W'
12:54:59: 'undotree.UpdateDiff()'
12:54:59: 'diffpanel.Update(),seq:27 bufname:hello.txt'
12:54:59: 's:exec_silent() 3 wincmd w'
12:54:59: 'diffresult: [''1,9c1,9'', ''<     Fri, 31 Dec 1999 23:59:59 +0000'', ''<     Fri Dec 31 23:59:59 UTC 1999'', ''<     2008-01-05T04:59:59Z'', ''<     1865-04-15'', ''<     11/Sep/01'', ''<     January 14th, 1982'', ''<     11:55 AM'', ''<     3rd'', ''<     XXXVIII'', ''---'', ''>   Fri, 31 Dec 1999 23:59:59 +0000'', ''>   Fri Dec 31 23:59:59 UTC 1999'', ''>   2008-01-05T04:59:59Z'', ''>   1865-04-15'', ''>   11/Sep/01'', ''>   January 14th, 1982'', ''>   11:55 AM'', ''>   3rd'', ''>   XXXVIII'']'
12:54:59: 'matchadd(c) ->  \%1l\V  Fri, 31 Dec 1999 23:59:59 +0000'
12:54:59: 'matchadd(c) ->  \%2l\V  Fri Dec 31 23:59:59 UTC 1999'
12:54:59: 'matchadd(c) ->  \%3l\V  2008-01-05T04:59:59Z'
12:54:59: 'matchadd(c) ->  \%4l\V  1865-04-15'
12:54:59: 'matchadd(c) ->  \%5l\V  11/Sep/01'
12:54:59: 'matchadd(c) ->  \%6l\V  January 14th, 1982'
12:54:59: 'matchadd(c) ->  \%7l\V  11:55 AM'
12:54:59: 'matchadd(c) ->  \%8l\V  3rd'
12:54:59: 'matchadd(c) ->  \%9l\V  XXXVIII'
12:54:59: 'SetFocus() winnr:2 bufname:diffpanel_3'
12:54:59: 's:exec_silent() norm! 2^W^W'
12:54:59: 's:exec() 1,$ d _'
12:54:59: 's:exec() $d _'
12:54:59: 's:exec() norm! gg'
12:54:59: 'SetFocus() winnr:1 bufname:undotree_2'
12:54:59: 's:exec_silent() norm! 1^W^W'
12:54:59: 's:exec() norm! 3^W^W'
12:54:59: '<<< UndotreeToggle() leave'
12:55:06: 'Unique window id assigned: id_4'
12:55:12: 'undotreeAction()'
12:55:12: 'undotree.Action() Enter'
12:55:12: 's:exec() norm! 3^W^W'
12:55:12: 's:exec() u 28'
12:55:12: 'undotree.Update() update seqs'
12:55:12: 'SetFocus() winnr:1 bufname:undotree_2'
12:55:12: 's:exec_silent() norm! 1^W^W'
12:55:12: 'bak(cur,curhead,newhead): 27 28 31'
12:55:12: '(cur,curhead,newhead): 28 31 31'
12:55:12: 's:exec() normal! 7G'
12:55:12: 'undotree.UpdateDiff()'
12:55:12: 'diffpanel.Update(),seq:28 bufname:hello.txt'
12:55:12: 's:exec_silent() 3 wincmd w'
12:55:12: 'diffresult: [''1,9c1,9'', ''<   Fri, 31 Dec 1999 23:59:59 +0000'', ''<   Fri Dec 31 23:59:59 UTC 1999'', ''<   2008-01-05T04:59:59Z'', ''<   1865-04-15'', ''<   11/Sep/01'', ''<   January 14th, 1982'', ''<   11:55 AM'', ''<   3rd'', ''<   XXXVIII'', ''---'', ''> Fri, 31 Dec 1999 23:59:59 +0000'', ''> Fri Dec 31 23:59:59 UTC 1999'', ''> 2008-01-05T04:59:59Z'', ''> 1865-04-15'', ''> 11/Sep/01'', ''> January 14th, 1982'', ''> 11:55 AM'', ''> 3rd'', ''> XXXVIII'']'
12:55:12: 'matchadd(c) ->  \%1l\VFri, 31 Dec 1999 23:59:59 +0000'
12:55:12: 'matchadd(c) ->  \%2l\VFri Dec 31 23:59:59 UTC 1999'
12:55:12: 'matchadd(c) ->  \%3l\V2008-01-05T04:59:59Z'
12:55:12: 'matchadd(c) ->  \%4l\V1865-04-15'
12:55:12: 'matchadd(c) ->  \%5l\V11/Sep/01'
12:55:12: 'matchadd(c) ->  \%6l\VJanuary 14th, 1982'
12:55:12: 'matchadd(c) ->  \%7l\V11:55 AM'
12:55:12: 'matchadd(c) ->  \%8l\V3rd'
12:55:12: 'matchadd(c) ->  \%9l\VXXXVIII'
12:55:12: 'SetFocus() winnr:2 bufname:diffpanel_3'
12:55:12: 's:exec_silent() norm! 2^W^W'
12:55:12: 's:exec() 1,$ d _'
12:55:12: 's:exec() $d _'
12:55:12: 's:exec() norm! gg'
12:55:12: 'SetFocus() winnr:1 bufname:undotree_2'
12:55:12: 's:exec_silent() norm! 1^W^W'
12:55:18: '>>> UndotreeToggle()'
12:55:18: 'undotree_2 Toggle()'
12:55:18: 'undotree_2 Hide()'
12:55:18: 's:exec() quit'
12:55:18: 'diffpanel_3 Hide()'
12:55:18: 'SetFocus() winnr:2 bufname:diffpanel_3'
12:55:18: 's:exec_silent() norm! 2^W^W'
12:55:18: 's:exec() quit'
12:55:18: 'CleanUpHighlight()'
12:55:18: 's:exec_silent() norm! 1^W^W'
12:55:18: 's:exec_silent() norm! 2^W^W'
12:55:18: 's:exec_silent() norm! 1^W^W'
12:55:18: 'diffpanel_3 Hide()'
12:55:18: '<<< UndotreeToggle() leave'

=======================================
09:50:08: '>>> UndotreeToggle()'
09:50:08: 'Unique window id assigned: id_1'
09:50:08: 'undotree_2 Toggle()'
09:50:08: 'undotree.Show()'
09:50:08: 's:exec() silent keepalt topleft vertical30 new undotree_2'
09:50:08: 's:exec() norm! 2^W^W'
09:50:08: 'undotree.Update() update whole tree'
09:50:08: 'SetFocus() winnr:1 bufname:undotree_2'
09:50:08: 's:exec_silent() norm! 1^W^W'
09:50:08: 's:exec() 1,$ d _'
09:50:08: 's:exec() $d _'
09:50:08: 'bak(cur,curhead,newhead): -1 -1 -1'
09:50:08: '(cur,curhead,newhead): 2 -1 2'
09:50:08: 's:exec() normal! 3G'
09:50:08: 'undotree.UpdateDiff()'
09:50:08: 'diffpanel.Show()'
09:50:08: 's:exec_silent() belowright 10new diffpanel_3'
09:50:08: 'SetFocus() winnr:1 bufname:undotree_2'
09:50:08: 's:exec_silent() norm! 1^W^W'
09:50:08: 'undotree.UpdateDiff()'
09:50:08: 'diffpanel.Update(),seq:2 bufname:vim-plug/plugins.vim'
09:50:08: 's:exec_silent() 3 wincmd w'
09:50:08: 'diffresult: [''43c43'', ''<   " Plug ''''vim-airline/vim-airline'''''', ''---'', ''>   Plug ''''vim-airline/vim-airline'''''']'
09:50:08: 'matchadd(c) ->  \%43l\V  Plug ''vim-airline/vim-airline'''
09:50:08: 'SetFocus() winnr:2 bufname:diffpanel_3'
09:50:08: 's:exec_silent() norm! 2^W^W'
09:50:09: 's:exec() 1,$ d _'
09:50:09: 's:exec() $d _'
09:50:09: 's:exec() norm! gg'
09:50:09: 'SetFocus() winnr:1 bufname:undotree_2'
09:50:09: 's:exec_silent() norm! 1^W^W'
09:50:09: 's:exec() norm! 3^W^W'
09:50:09: '<<< UndotreeToggle() leave'
09:50:12: 'undotree.Update() update seqs'
09:50:16: 'Unique window id assigned: id_4'
09:50:21: 'undotreeAction()'
09:50:21: 'undotree.Action() Enter'
09:50:21: 's:exec() norm! 3^W^W'
09:50:21: 's:exec() norm 9999u'
09:50:21: 'undotree.Update() update seqs'
09:50:21: 'SetFocus() winnr:1 bufname:undotree_2'
09:50:21: 's:exec_silent() norm! 1^W^W'
09:50:21: 'bak(cur,curhead,newhead): 2 -1 2'
09:50:21: '(cur,curhead,newhead): 0 1 2'
09:50:21: 's:exec() normal! 5G'
09:50:21: 'undotree.UpdateDiff()'
09:50:21: 'diffpanel.Update(),seq:0 bufname:vim-plug/plugins.vim'
09:50:21: 's:exec() norm! 3^W^W'
09:50:21: 'SetFocus() winnr:2 bufname:diffpanel_3'
09:50:21: 's:exec_silent() norm! 2^W^W'
09:50:21: 's:exec() 1,$ d _'
09:50:21: 's:exec() $d _'
09:50:21: 's:exec() norm! gg'
09:50:21: 'SetFocus() winnr:1 bufname:undotree_2'
09:50:21: 's:exec_silent() norm! 1^W^W'
09:50:29: 'undotreeAction()'
09:50:29: 'undotree.Action() Enter'
09:50:29: 's:exec() norm! 3^W^W'
09:50:29: 's:exec() u 2'
09:50:29: 'undotree.Update() update seqs'
09:50:29: 'SetFocus() winnr:1 bufname:undotree_2'
09:50:29: 's:exec_silent() norm! 1^W^W'
09:50:29: 'bak(cur,curhead,newhead): 0 1 2'
09:50:29: '(cur,curhead,newhead): 2 -1 2'
09:50:29: 's:exec() normal! 3G'
09:50:29: 'undotree.UpdateDiff()'
09:50:29: 'diffpanel.Update(),seq:2 bufname:vim-plug/plugins.vim'
09:50:29: 'diff cache hit.'
09:50:29: 's:exec() norm! 3^W^W'
09:50:29: 'matchadd(c) ->  \%43l\V  Plug ''vim-airline/vim-airline'''
09:50:29: 'SetFocus() winnr:2 bufname:diffpanel_3'
09:50:29: 's:exec_silent() norm! 2^W^W'
09:50:29: 's:exec() 1,$ d _'
09:50:29: 's:exec() $d _'
09:50:29: 's:exec() norm! gg'
09:50:29: 'SetFocus() winnr:1 bufname:undotree_2'
09:50:29: 's:exec_silent() norm! 1^W^W'
09:50:37: '>>> UndotreeToggle()'
09:50:37: 'undotree_2 Toggle()'
09:50:37: 'undotree_2 Hide()'
09:50:37: 's:exec() quit'
09:50:37: 'diffpanel_3 Hide()'
09:50:37: 'SetFocus() winnr:2 bufname:diffpanel_3'
09:50:37: 's:exec_silent() norm! 2^W^W'
09:50:37: 's:exec() quit'
09:50:37: 'CleanUpHighlight()'
09:50:37: 's:exec_silent() norm! 1^W^W'
09:50:37: 's:exec_silent() norm! 2^W^W'
09:50:37: 's:exec_silent() norm! 1^W^W'
09:50:37: 'diffpanel_3 Hide()'
09:50:37: '<<< UndotreeToggle() leave'

=======================================
13:54:44: '>>> UndotreeToggle()'
13:54:44: 'Unique window id assigned: id_1'
13:54:44: 'undotree_2 Toggle()'
13:54:44: 'undotree.Show()'
13:54:44: 's:exec() silent keepalt topleft vertical30 new undotree_2'
13:54:44: 's:exec() norm! 2^W^W'
13:54:44: 'undotree.Update() update whole tree'
13:54:44: 'SetFocus() winnr:1 bufname:undotree_2'
13:54:44: 's:exec_silent() norm! 1^W^W'
13:54:44: 's:exec() 1,$ d _'
13:54:44: 's:exec() $d _'
13:54:44: 'bak(cur,curhead,newhead): -1 -1 -1'
13:54:44: '(cur,curhead,newhead): 7 -1 7'
13:54:44: 's:exec() normal! 3G'
13:54:44: 'undotree.UpdateDiff()'
13:54:44: 'diffpanel.Show()'
13:54:44: 's:exec_silent() belowright 10new diffpanel_3'
13:54:44: 'SetFocus() winnr:1 bufname:undotree_2'
13:54:44: 's:exec_silent() norm! 1^W^W'
13:54:44: 'undotree.UpdateDiff()'
13:54:44: 'diffpanel.Update(),seq:7 bufname:general/settings.vim'
13:54:44: 's:exec_silent() 3 wincmd w'
13:54:44: 'diffresult: [''23c23'', ''< set shiftwidth=2                        " Change the number of space characters inserted for indentation'', ''---'', ''> set shiftwidth=4                        " Change the number of space characters inserted for indentation'']'
13:54:44: 'matchadd(c) ->  \%23l\Vset shiftwidth=4                        \" Change the number of space characters inserted for indentation'
13:54:44: 'SetFocus() winnr:2 bufname:diffpanel_3'
13:54:44: 's:exec_silent() norm! 2^W^W'
13:54:44: 's:exec() 1,$ d _'
13:54:44: 's:exec() $d _'
13:54:44: 's:exec() norm! gg'
13:54:44: 'SetFocus() winnr:1 bufname:undotree_2'
13:54:44: 's:exec_silent() norm! 1^W^W'
13:54:44: 's:exec() norm! 3^W^W'
13:54:44: '<<< UndotreeToggle() leave'
13:54:48: 'undotree.Update() update seqs'
13:55:00: 'Unique window id assigned: id_4'
13:55:24: 'undotree.Update() update whole tree'
13:55:24: 'SetFocus() winnr:1 bufname:undotree_2'
13:55:24: 's:exec_silent() norm! 1^W^W'
13:55:24: 's:exec() 1,$ d _'
13:55:24: 's:exec() $d _'
13:55:24: 'bak(cur,curhead,newhead): -1 -1 -1'
13:55:24: '(cur,curhead,newhead): 8 -1 8'
13:55:24: 's:exec() normal! 3G'
13:55:24: 'undotree.UpdateDiff()'
13:55:24: 'diffpanel.Update(),seq:8 bufname:general/settings.vim'
13:55:24: 's:exec_silent() 3 wincmd w'
13:55:24: 'diffresult: [''23c23'', ''< set shiftwidth=4                        " Change the number of space characters inserted for indentation'', ''---'', ''> set shiftwidth=2                        " Change the number of space characters inserted for indentation'']'
13:55:24: 'matchadd(c) ->  \%23l\Vset shiftwidth=2                        \" Change the number of space characters inserted for indentation'
13:55:24: 'SetFocus() winnr:2 bufname:diffpanel_3'
13:55:24: 's:exec_silent() norm! 2^W^W'
13:55:24: 's:exec() 1,$ d _'
13:55:24: 's:exec() $d _'
13:55:24: 's:exec() norm! gg'
13:55:24: 'SetFocus() winnr:1 bufname:undotree_2'
13:55:24: 's:exec_silent() norm! 1^W^W'
13:55:24: 's:exec() norm! 3^W^W'
13:55:30: 'undotree.Update() update whole tree'
13:55:30: 'SetFocus() winnr:1 bufname:undotree_2'
13:55:30: 's:exec_silent() norm! 1^W^W'
13:55:30: 's:exec() 1,$ d _'
13:55:30: 's:exec() $d _'
13:55:30: 'bak(cur,curhead,newhead): -1 -1 -1'
13:55:30: '(cur,curhead,newhead): 9 -1 9'
13:55:30: 's:exec() normal! 3G'
13:55:30: 'undotree.UpdateDiff()'
13:55:30: 'diffpanel.Update(),seq:9 bufname:general/settings.vim'
13:55:30: 's:exec_silent() 3 wincmd w'
13:55:30: 'diffresult: []'
13:55:30: 'SetFocus() winnr:2 bufname:diffpanel_3'
13:55:30: 's:exec_silent() norm! 2^W^W'
13:55:30: 's:exec() 1,$ d _'
13:55:30: 's:exec() $d _'
13:55:30: 's:exec() norm! gg'
13:55:30: 'SetFocus() winnr:1 bufname:undotree_2'
13:55:30: 's:exec_silent() norm! 1^W^W'
13:55:30: 's:exec() norm! 3^W^W'
13:55:30: 'undotree_2 Hide()'
13:55:30: 's:exec() quit'
13:55:30: 'diffpanel_3 Hide()'
13:55:30: 's:exec() quit'

=======================================
18:23:22: '>>> UndotreeToggle()'
18:23:22: 'Unique window id assigned: id_1'
18:23:22: 'undotree_2 Toggle()'
18:23:22: 'undotree.Show()'
18:23:22: 's:exec() silent keepalt topleft vertical30 new undotree_2'
18:23:22: 's:exec() norm! 2^W^W'
18:23:22: 'undotree.Update() update whole tree'
18:23:22: 'SetFocus() winnr:1 bufname:undotree_2'
18:23:22: 's:exec_silent() norm! 1^W^W'
18:23:22: 's:exec() 1,$ d _'
18:23:22: 's:exec() $d _'
18:23:22: 'bak(cur,curhead,newhead): -1 -1 -1'
18:23:22: '(cur,curhead,newhead): 38 -1 38'
18:23:22: 's:exec() normal! 3G'
18:23:22: 'undotree.UpdateDiff()'
18:23:22: 'diffpanel.Show()'
18:23:22: 's:exec_silent() belowright 10new diffpanel_3'
18:23:22: 'SetFocus() winnr:1 bufname:undotree_2'
18:23:22: 's:exec_silent() norm! 1^W^W'
18:23:22: 'undotree.UpdateDiff()'
18:23:22: 'diffpanel.Update(),seq:38 bufname:coc.vim'
18:23:22: 's:exec_silent() 3 wincmd w'
18:23:22: 'diffresult: [''11c11'', ''< let g:coc_data_home=''''$MYNVIM/coc'''''', ''---'', ''> let g:coc_data_home=''''$HOME/Documents/nvim/coc'''''']'
18:23:22: 'matchadd(c) ->  \%11l\Vlet g:coc_data_home=''$HOME/Documents/nvim/coc'''
18:23:22: 'SetFocus() winnr:2 bufname:diffpanel_3'
18:23:22: 's:exec_silent() norm! 2^W^W'
18:23:22: 's:exec() 1,$ d _'
18:23:22: 's:exec() $d _'
18:23:22: 's:exec() norm! gg'
18:23:22: 'SetFocus() winnr:1 bufname:undotree_2'
18:23:22: 's:exec_silent() norm! 1^W^W'
18:23:22: 's:exec() norm! 3^W^W'
18:23:22: '<<< UndotreeToggle() leave'
18:23:28: 'undotree.Update() update seqs'
18:23:30: 'Unique window id assigned: id_4'
18:23:36: 'undotreeAction()'
18:23:36: 'undotree.Action() Enter'
18:23:36: 's:exec() norm! 3^W^W'
18:23:36: 's:exec() u 13'
18:23:36: 'undotree.Update() update seqs'
18:23:36: 'SetFocus() winnr:1 bufname:undotree_2'
18:23:36: 's:exec_silent() norm! 1^W^W'
18:23:36: 'bak(cur,curhead,newhead): 38 -1 38'
18:23:36: '(cur,curhead,newhead): 13 14 38'
18:23:36: 's:exec() normal! 28G'
18:23:36: 'undotree.UpdateDiff()'
18:23:36: 'diffpanel.Update(),seq:13 bufname:coc.vim'
18:23:36: 's:exec_silent() 3 wincmd w'
18:23:36: 'diffresult: [''20d19'', ''< "   \ ''''coc-css'''','']'
18:23:36: 'SetFocus() winnr:2 bufname:diffpanel_3'
18:23:36: 's:exec_silent() norm! 2^W^W'
18:23:36: 's:exec() 1,$ d _'
18:23:36: 's:exec() $d _'
18:23:36: 's:exec() norm! gg'
18:23:36: 'SetFocus() winnr:1 bufname:undotree_2'
18:23:36: 's:exec_silent() norm! 1^W^W'
18:23:39: 'undotreeAction()'
18:23:39: 'undotree.Action() Enter'
18:23:39: 's:exec() norm! 3^W^W'
18:23:39: 'undotree.Update() update seqs'
18:23:39: 's:exec() u 14'
18:23:39: 'undotree.Update() update seqs'
18:23:39: 'SetFocus() winnr:1 bufname:undotree_2'
18:23:39: 's:exec_silent() norm! 1^W^W'
18:23:39: 'bak(cur,curhead,newhead): 13 14 38'
18:23:39: '(cur,curhead,newhead): 14 15 38'
18:23:39: 's:exec() normal! 27G'
18:23:39: 'undotree.UpdateDiff()'
18:23:39: 'diffpanel.Update(),seq:14 bufname:coc.vim'
18:23:39: 's:exec_silent() 3 wincmd w'
18:23:39: 'diffresult: [''21d20'', ''< "   \ ''''coc-cssmodules'''','']'
18:23:39: 'SetFocus() winnr:2 bufname:diffpanel_3'
18:23:39: 's:exec_silent() norm! 2^W^W'
18:23:39: 's:exec() 1,$ d _'
18:23:39: 's:exec() $d _'
18:23:39: 's:exec() norm! gg'
18:23:39: 'SetFocus() winnr:1 bufname:undotree_2'
18:23:39: 's:exec_silent() norm! 1^W^W'
18:23:50: 'undotreeAction()'
18:23:50: 'undotree.Action() Enter'
18:23:50: 's:exec() norm! 3^W^W'
18:23:50: 's:exec() u 6'
18:23:50: 'undotree.Update() update seqs'
18:23:50: 'SetFocus() winnr:1 bufname:undotree_2'
18:23:50: 's:exec_silent() norm! 1^W^W'
18:23:50: 'bak(cur,curhead,newhead): 14 15 38'
18:23:50: '(cur,curhead,newhead): 6 7 38'
18:23:50: 's:exec() normal! 35G'
18:23:50: 'undotree.UpdateDiff()'
18:23:50: 'diffpanel.Update(),seq:6 bufname:coc.vim'
18:23:50: 's:exec_silent() 3 wincmd w'
18:23:50: 'diffresult: [''21c21'', ''<    \ ''''coc-css'''','', ''---'', ''> "   \ ''''coc-css'''','']'
18:23:50: 'matchadd(c) ->  \%21l\V\"   \\ ''coc-css'','
18:23:50: 'SetFocus() winnr:2 bufname:diffpanel_3'
18:23:50: 's:exec_silent() norm! 2^W^W'
18:23:50: 's:exec() 1,$ d _'
18:23:50: 's:exec() $d _'
18:23:50: 's:exec() norm! gg'
18:23:50: 'SetFocus() winnr:1 bufname:undotree_2'
18:23:50: 's:exec_silent() norm! 1^W^W'
18:23:55: 'undotreeAction()'
18:23:55: 'undotree.Action() Enter'
18:23:55: 's:exec() norm! 3^W^W'
18:23:55: 'undotree.Update() update seqs'
18:23:55: 's:exec() u 5'
18:23:55: 'undotree.Update() update seqs'
18:23:55: 'SetFocus() winnr:1 bufname:undotree_2'
18:23:55: 's:exec_silent() norm! 1^W^W'
18:23:55: 'bak(cur,curhead,newhead): 6 7 38'
18:23:55: '(cur,curhead,newhead): 5 6 38'
18:23:55: 's:exec() normal! 36G'
18:23:55: 'undotree.UpdateDiff()'
18:23:55: 'diffpanel.Update(),seq:5 bufname:coc.vim'
18:23:55: 's:exec_silent() 3 wincmd w'
18:23:55: 'diffresult: [''2c2'', ''< let g:coc_con'', ''---'', ''> let g:coc_config_home=''''$HOME/Documents/nvim'''''']'
18:23:55: 'matchadd(c) ->  \%2l\Vlet g:coc_config_home=''$HOME/Documents/nvim'''
18:23:55: 'SetFocus() winnr:2 bufname:diffpanel_3'
18:23:55: 's:exec_silent() norm! 2^W^W'
18:23:55: 's:exec() 1,$ d _'
18:23:55: 's:exec() $d _'
18:23:55: 's:exec() norm! gg'
18:23:55: 'SetFocus() winnr:1 bufname:undotree_2'
18:23:55: 's:exec_silent() norm! 1^W^W'
18:24:04: '>>> UndotreeToggle()'
18:24:04: 'undotree_2 Toggle()'
18:24:04: 'undotree_2 Hide()'
18:24:04: 's:exec() quit'
18:24:04: 'diffpanel_3 Hide()'
18:24:04: 'SetFocus() winnr:2 bufname:diffpanel_3'
18:24:04: 's:exec_silent() norm! 2^W^W'
18:24:04: 's:exec() quit'
18:24:04: 'CleanUpHighlight()'
18:24:04: 's:exec_silent() norm! 1^W^W'
18:24:04: 's:exec_silent() norm! 2^W^W'
18:24:04: 's:exec_silent() norm! 1^W^W'
18:24:04: 'diffpanel_3 Hide()'
18:24:04: '<<< UndotreeToggle() leave'

=======================================
18:25:18: '>>> UndotreeToggle()'
18:25:18: 'Unique window id assigned: id_1'
18:25:18: 'undotree_2 Toggle()'
18:25:18: 'undotree.Show()'
18:25:18: 's:exec() silent keepalt topleft vertical30 new undotree_2'
18:25:18: 's:exec() norm! 2^W^W'
18:25:18: 'undotree.Update() update whole tree'
18:25:18: 'SetFocus() winnr:1 bufname:undotree_2'
18:25:18: 's:exec_silent() norm! 1^W^W'
18:25:18: 's:exec() 1,$ d _'
18:25:18: 's:exec() $d _'
18:25:18: 'bak(cur,curhead,newhead): -1 -1 -1'
18:25:18: '(cur,curhead,newhead): 39 -1 39'
18:25:18: 's:exec() normal! 3G'
18:25:18: 'undotree.UpdateDiff()'
18:25:18: 'diffpanel.Show()'
18:25:18: 's:exec_silent() belowright 10new diffpanel_3'
18:25:18: 'SetFocus() winnr:1 bufname:undotree_2'
18:25:18: 's:exec_silent() norm! 1^W^W'
18:25:18: 'undotree.UpdateDiff()'
18:25:18: 'diffpanel.Update(),seq:39 bufname:coc.vim'
18:25:18: 's:exec_silent() 3 wincmd w'
18:25:18: 'diffresult: [''14d13'', ''<    \ ''''coc-emmet'''','']'
18:25:18: 'SetFocus() winnr:2 bufname:diffpanel_3'
18:25:18: 's:exec_silent() norm! 2^W^W'
18:25:18: 's:exec() 1,$ d _'
18:25:18: 's:exec() $d _'
18:25:18: 's:exec() norm! gg'
18:25:18: 'SetFocus() winnr:1 bufname:undotree_2'
18:25:18: 's:exec_silent() norm! 1^W^W'
18:25:18: 's:exec() norm! 3^W^W'
18:25:18: '<<< UndotreeToggle() leave'
18:25:19: 'undotree.Update() update seqs'
18:25:21: 'Unique window id assigned: id_4'
18:25:23: 'undotreeAction()'
18:25:23: 'undotree.Action() Enter'
18:25:23: 's:exec() norm! 3^W^W'
18:25:23: 's:exec() u 38'
18:25:23: 'undotree.Update() update seqs'
18:25:23: 'SetFocus() winnr:1 bufname:undotree_2'
18:25:23: 's:exec_silent() norm! 1^W^W'
18:25:23: 'bak(cur,curhead,newhead): 39 -1 39'
18:25:23: '(cur,curhead,newhead): 38 -1 38'
18:25:23: 's:exec() normal! 4G'
18:25:23: 'undotree.UpdateDiff()'
18:25:23: 'diffpanel.Update(),seq:38 bufname:coc.vim'
18:25:23: 's:exec_silent() 3 wincmd w'
18:25:23: 'diffresult: [''11c11'', ''< let g:coc_data_home=''''$MYNVIM/coc'''''', ''---'', ''> let g:coc_data_home=''''$HOME/Documents/nvim/coc'''''']'
18:25:23: 'matchadd(c) ->  \%11l\Vlet g:coc_data_home=''$HOME/Documents/nvim/coc'''
18:25:23: 'SetFocus() winnr:2 bufname:diffpanel_3'
18:25:23: 's:exec_silent() norm! 2^W^W'
18:25:23: 's:exec() 1,$ d _'
18:25:23: 's:exec() $d _'
18:25:23: 's:exec() norm! gg'
18:25:23: 'SetFocus() winnr:1 bufname:undotree_2'
18:25:23: 's:exec_silent() norm! 1^W^W'
18:25:25: 'undotreeAction()'
18:25:25: 'undotree.Action() Enter'
18:25:25: 's:exec() norm! 3^W^W'
18:25:25: 's:exec() u 39'
18:25:25: 'undotree.Update() update seqs'
18:25:25: 'SetFocus() winnr:1 bufname:undotree_2'
18:25:25: 's:exec_silent() norm! 1^W^W'
18:25:25: 'bak(cur,curhead,newhead): 38 -1 38'
18:25:25: '(cur,curhead,newhead): 39 -1 39'
18:25:25: 's:exec() normal! 3G'
18:25:25: 'undotree.UpdateDiff()'
18:25:25: 'diffpanel.Update(),seq:39 bufname:coc.vim'
18:25:25: 'diff cache hit.'
18:25:25: 's:exec() norm! 3^W^W'
18:25:25: 'SetFocus() winnr:2 bufname:diffpanel_3'
18:25:25: 's:exec_silent() norm! 2^W^W'
18:25:25: 's:exec() 1,$ d _'
18:25:25: 's:exec() $d _'
18:25:25: 's:exec() norm! gg'
18:25:25: 'SetFocus() winnr:1 bufname:undotree_2'
18:25:25: 's:exec_silent() norm! 1^W^W'
18:25:35: 'undotreeAction()'
18:25:35: 'undotree.Action() Enter'
18:25:35: 's:exec() norm! 3^W^W'
18:25:35: 's:exec() u 5'
18:25:35: 'undotree.Update() update seqs'
18:25:35: 'SetFocus() winnr:1 bufname:undotree_2'
18:25:35: 's:exec_silent() norm! 1^W^W'
18:25:35: 'bak(cur,curhead,newhead): 39 -1 39'
18:25:35: '(cur,curhead,newhead): 5 39 39'
18:25:35: 's:exec() normal! 38G'
18:25:35: 'undotree.UpdateDiff()'
18:25:35: 'diffpanel.Update(),seq:5 bufname:coc.vim'
18:25:35: 's:exec_silent() 3 wincmd w'
18:25:35: 'diffresult: [''2c2'', ''< let g:coc_con'', ''---'', ''> let g:coc_config_home=''''$HOME/Documents/nvim'''''']'
18:25:35: 'matchadd(c) ->  \%2l\Vlet g:coc_config_home=''$HOME/Documents/nvim'''
18:25:35: 'SetFocus() winnr:2 bufname:diffpanel_3'
18:25:35: 's:exec_silent() norm! 2^W^W'
18:25:35: 's:exec() 1,$ d _'
18:25:35: 's:exec() $d _'
18:25:35: 's:exec() norm! gg'
18:25:35: 'SetFocus() winnr:1 bufname:undotree_2'
18:25:35: 's:exec_silent() norm! 1^W^W'
18:25:53: '>>> UndotreeToggle()'
18:25:53: 'undotree_2 Toggle()'
18:25:53: 'undotree_2 Hide()'
18:25:53: 's:exec() quit'
18:25:53: 'diffpanel_3 Hide()'
18:25:53: 'SetFocus() winnr:2 bufname:diffpanel_3'
18:25:53: 's:exec_silent() norm! 2^W^W'
18:25:53: 's:exec() quit'
18:25:53: 'CleanUpHighlight()'
18:25:53: 's:exec_silent() norm! 1^W^W'
18:25:53: 's:exec_silent() norm! 2^W^W'
18:25:53: 's:exec_silent() norm! 1^W^W'
18:25:53: 'diffpanel_3 Hide()'
18:25:53: '<<< UndotreeToggle() leave'

=======================================
14:43:19: '>>> UndotreeToggle()'
14:43:19: 'Unique window id assigned: id_1'
14:43:19: 'undotree_2 Toggle()'
14:43:19: 'undotree.Show()'
14:43:19: 's:exec() silent keepalt topleft vertical30 new undotree_2'
14:43:19: 's:exec() norm! 2^W^W'
14:43:19: 'undotree.Update() update whole tree'
14:43:19: 'SetFocus() winnr:1 bufname:undotree_2'
14:43:19: 's:exec_silent() norm! 1^W^W'
14:43:19: 's:exec() 1,$ d _'
14:43:19: 's:exec() $d _'
14:43:19: 'bak(cur,curhead,newhead): -1 -1 -1'
14:43:19: '(cur,curhead,newhead): 31 -1 31'
14:43:19: 's:exec() normal! 3G'
14:43:19: 'undotree.UpdateDiff()'
14:43:19: 'diffpanel.Show()'
14:43:19: 's:exec_silent() belowright 10new diffpanel_3'
14:43:19: 'SetFocus() winnr:1 bufname:undotree_2'
14:43:19: 's:exec_silent() norm! 1^W^W'
14:43:19: 'undotree.UpdateDiff()'
14:43:19: 'diffpanel.Update(),seq:31 bufname:plug-config/coc.vim'
14:43:19: 's:exec_silent() 3 wincmd w'
14:43:19: 'diffresult: [''40d39'', ''< "auto format cpp file when type'']'
14:43:19: 'SetFocus() winnr:2 bufname:diffpanel_3'
14:43:19: 's:exec_silent() norm! 2^W^W'
14:43:19: 's:exec() 1,$ d _'
14:43:19: 's:exec() $d _'
14:43:19: 's:exec() norm! gg'
14:43:19: 'SetFocus() winnr:1 bufname:undotree_2'
14:43:19: 's:exec_silent() norm! 1^W^W'
14:43:19: 's:exec() norm! 3^W^W'
14:43:19: '<<< UndotreeToggle() leave'
14:43:21: 'undotree.Update() update seqs'
14:43:25: 'Unique window id assigned: id_4'
14:43:28: 'undotreeAction()'
14:43:28: 'undotree.Action() Enter'
14:43:28: 's:exec() norm! 3^W^W'
14:43:28: 's:exec() u 30'
14:43:28: 'undotree.Update() update seqs'
14:43:28: 'SetFocus() winnr:1 bufname:undotree_2'
14:43:28: 's:exec_silent() norm! 1^W^W'
14:43:28: 'bak(cur,curhead,newhead): 31 -1 31'
14:43:28: '(cur,curhead,newhead): 30 31 31'
14:43:28: 's:exec() normal! 4G'
14:43:28: 'undotree.UpdateDiff()'
14:43:28: 'diffpanel.Update(),seq:30 bufname:plug-config/coc.vim'
14:43:28: 's:exec_silent() 3 wincmd w'
14:43:28: 'diffresult: [''41d40'', ''< autocmd FileType c,cpp inoremap ; ;<Esc>:!clang-format --style=''''{BasedOnStyle: llvm,IndentWidth: 4,AccessModifierOffset: -4}'''' -i %<CR>i'']'
14:43:28: 'SetFocus() winnr:2 bufname:diffpanel_3'
14:43:28: 's:exec_silent() norm! 2^W^W'
14:43:28: 's:exec() 1,$ d _'
14:43:28: 's:exec() $d _'
14:43:28: 's:exec() norm! gg'
14:43:28: 'SetFocus() winnr:1 bufname:undotree_2'
14:43:28: 's:exec_silent() norm! 1^W^W'
14:43:29: 'undotreeAction()'
14:43:29: 'undotree.Action() Enter'
14:43:29: 's:exec() norm! 3^W^W'
14:43:29: 'undotree.Update() update seqs'
14:43:29: 's:exec() u 29'
14:43:29: 'undotree.Update() update seqs'
14:43:29: 'SetFocus() winnr:1 bufname:undotree_2'
14:43:29: 's:exec_silent() norm! 1^W^W'
14:43:29: 'bak(cur,curhead,newhead): 30 31 31'
14:43:29: '(cur,curhead,newhead): 29 30 31'
14:43:29: 's:exec() normal! 5G'
14:43:29: 'undotree.UpdateDiff()'
14:43:29: 'diffpanel.Update(),seq:29 bufname:plug-config/coc.vim'
14:43:29: 's:exec_silent() 3 wincmd w'
14:43:29: 'diffresult: [''41c41'', ''< autocmd FileType c,cpp inoremap ; ;<Esc>:clang-format --style=''''{BasedOnStyle: llvm,IndentWidth: 4,AccessModifierOffset: -4}'''' -i %<CR>i'', ''---'', ''> autocmd FileType c,cpp inoremap ; ;<Esc>:!clang-format --style=''''{BasedOnStyle: llvm,IndentWidth: 4,AccessModifierOffset: -4}'''' -i %<CR>i'']'
14:43:29: 'matchadd(c) ->  \%41l\Vautocmd FileType c,cpp inoremap ; ;<Esc>:!clang-format --style=''{BasedOnStyle: llvm,IndentWidth: 4,AccessModifierOffset: -4}'' -i %<CR>i'
14:43:29: 'SetFocus() winnr:2 bufname:diffpanel_3'
14:43:29: 's:exec_silent() norm! 2^W^W'
14:43:29: 's:exec() 1,$ d _'
14:43:29: 's:exec() $d _'
14:43:29: 's:exec() norm! gg'
14:43:29: 'SetFocus() winnr:1 bufname:undotree_2'
14:43:29: 's:exec_silent() norm! 1^W^W'
14:43:33: 'Unique window id assigned: id_5'
14:43:35: 'undotree.Update() update seqs'
14:44:12: 'undotree.Update() update whole tree'
14:44:12: 'SetFocus() winnr:1 bufname:undotree_2'
14:44:12: 's:exec_silent() norm! 1^W^W'
14:44:12: 's:exec() 1,$ d _'
14:44:12: 's:exec() $d _'
14:44:12: 'bak(cur,curhead,newhead): -1 -1 -1'
14:44:12: '(cur,curhead,newhead): 32 -1 32'
14:44:12: 's:exec() normal! 3G'
14:44:12: 'undotree.UpdateDiff()'
14:44:12: 'diffpanel.Update(),seq:32 bufname:plug-config/coc.vim'
14:44:12: 's:exec_silent() 3 wincmd w'
14:44:12: 'diffresult: [''41c41'', ''< autocmd FileType c,cpp inoremap ; ;<Esc>:!clang-format --style=''''{BasedOnStyle: llvm,IndentWidth: 4,AccessModifierOffset: -4}'''' -i %<CR>i'', ''---'', ''> autocmd FileType c,cpp inoremap ; ;<Esc>'']'
14:44:12: 'matchadd(c) ->  \%41l\Vautocmd FileType c,cpp inoremap ; ;<Esc>'
14:44:12: 'SetFocus() winnr:2 bufname:diffpanel_3'
14:44:12: 's:exec_silent() norm! 2^W^W'
14:44:12: 's:exec() 1,$ d _'
14:44:12: 's:exec() $d _'
14:44:12: 's:exec() norm! gg'
14:44:12: 'SetFocus() winnr:1 bufname:undotree_2'
14:44:12: 's:exec_silent() norm! 1^W^W'
14:44:12: 's:exec() norm! 3^W^W'
14:44:19: 'undotree.Update() update whole tree'
14:44:19: 'SetFocus() winnr:1 bufname:undotree_2'
14:44:19: 's:exec_silent() norm! 1^W^W'
14:44:19: 's:exec() 1,$ d _'
14:44:19: 's:exec() $d _'
14:44:19: 'bak(cur,curhead,newhead): -1 -1 -1'
14:44:19: '(cur,curhead,newhead): 33 -1 33'
14:44:19: 's:exec() normal! 3G'
14:44:19: 'undotree.UpdateDiff()'
14:44:19: 'diffpanel.Update(),seq:33 bufname:plug-config/coc.vim'
14:44:19: 's:exec_silent() 3 wincmd w'
14:44:19: 'diffresult: []'
14:44:19: 'SetFocus() winnr:2 bufname:diffpanel_3'
14:44:19: 's:exec_silent() norm! 2^W^W'
14:44:19: 's:exec() 1,$ d _'
14:44:19: 's:exec() $d _'
14:44:19: 's:exec() norm! gg'
14:44:19: 'SetFocus() winnr:1 bufname:undotree_2'
14:44:19: 's:exec_silent() norm! 1^W^W'
14:44:19: 's:exec() norm! 3^W^W'
14:44:22: '>>> UndotreeToggle()'
14:44:22: 'undotree_2 Toggle()'
14:44:22: 'undotree_2 Hide()'
14:44:22: 'SetFocus() winnr:1 bufname:undotree_2'
14:44:22: 's:exec_silent() norm! 1^W^W'
14:44:22: 's:exec() quit'
14:44:22: 'diffpanel_3 Hide()'
14:44:22: 'SetFocus() winnr:2 bufname:diffpanel_3'
14:44:22: 's:exec_silent() norm! 2^W^W'
14:44:22: 's:exec() quit'
14:44:22: 'CleanUpHighlight()'
14:44:22: 's:exec_silent() norm! 1^W^W'
14:44:22: 's:exec_silent() norm! 2^W^W'
14:44:22: 's:exec_silent() norm! 1^W^W'
14:44:22: 'diffpanel_3 Hide()'
14:44:22: '<<< UndotreeToggle() leave'

=======================================
10:50:20: '>>> UndotreeToggle()'
10:50:20: 'Unique window id assigned: id_1'
10:50:20: 'undotree_2 Toggle()'
10:50:20: 'undotree.Show()'
10:50:20: 's:exec() silent keepalt topleft vertical30 new undotree_2'
10:50:20: 's:exec() norm! 2^W^W'
10:50:20: 'undotree.Update() update whole tree'
10:50:20: 'SetFocus() winnr:1 bufname:undotree_2'
10:50:20: 's:exec_silent() norm! 1^W^W'
10:50:20: 's:exec() 1,$ d _'
10:50:20: 's:exec() $d _'
10:50:20: 'bak(cur,curhead,newhead): -1 -1 -1'
10:50:20: '(cur,curhead,newhead): 2 -1 2'
10:50:20: 's:exec() normal! 3G'
10:50:20: 'undotree.UpdateDiff()'
10:50:20: 'diffpanel.Show()'
10:50:20: 's:exec_silent() belowright 10new diffpanel_3'
10:50:20: 'SetFocus() winnr:1 bufname:undotree_2'
10:50:20: 's:exec_silent() norm! 1^W^W'
10:50:20: 'undotree.UpdateDiff()'
10:50:20: 'diffpanel.Update(),seq:2 bufname:autoload/lightline.vim'
10:50:20: 's:exec_silent() 3 wincmd w'
10:50:20: 'diffresult: [''112c112'', ''<       \     ''''filetype'''': ''''%{&ft!=#""?&ft:"no ft"}'''', ''''percent'''': ''''%2%%'''', ''''percentwin'''': ''''%P'''','', ''---'', ''>       \     ''''filetype'''': ''''%{&ft!=#""?&ft:"no ft"}'''', ''''percent'''': ''''%3%%'''', ''''percentwin'''': ''''%P'''','']'
10:50:20: 'matchadd(c) ->  \%112l\V      \\     ''filetype'': ''%{&ft!=#\"\"?&ft:\"no ft\"}'', ''percent'': ''%3%%'', ''percentwin'': ''%P'','
10:50:20: 'SetFocus() winnr:2 bufname:diffpanel_3'
10:50:20: 's:exec_silent() norm! 2^W^W'
10:50:20: 's:exec() 1,$ d _'
10:50:20: 's:exec() $d _'
10:50:20: 's:exec() norm! gg'
10:50:20: 'SetFocus() winnr:1 bufname:undotree_2'
10:50:20: 's:exec_silent() norm! 1^W^W'
10:50:20: 's:exec() norm! 3^W^W'
10:50:20: '<<< UndotreeToggle() leave'
10:50:21: 'undotree.Update() update seqs'
10:50:24: 'Unique window id assigned: id_4'
10:50:25: 'undotreeAction()'
10:50:25: 'undotree.Action() Enter'
10:50:25: 's:exec() norm! 3^W^W'
10:50:25: 's:exec() norm 9999u'
10:50:25: 'undotree.Update() update seqs'
10:50:25: 'SetFocus() winnr:1 bufname:undotree_2'
10:50:25: 's:exec_silent() norm! 1^W^W'
10:50:25: 'bak(cur,curhead,newhead): 2 -1 2'
10:50:25: '(cur,curhead,newhead): 0 1 2'
10:50:25: 's:exec() normal! 5G'
10:50:25: 'undotree.UpdateDiff()'
10:50:25: 'diffpanel.Update(),seq:0 bufname:autoload/lightline.vim'
10:50:25: 's:exec() norm! 3^W^W'
10:50:25: 'SetFocus() winnr:2 bufname:diffpanel_3'
10:50:25: 's:exec_silent() norm! 2^W^W'
10:50:25: 's:exec() 1,$ d _'
10:50:25: 's:exec() $d _'
10:50:25: 's:exec() norm! gg'
10:50:25: 'SetFocus() winnr:1 bufname:undotree_2'
10:50:25: 's:exec_silent() norm! 1^W^W'
10:50:29: '>>> UndotreeToggle()'
10:50:29: 'undotree_2 Toggle()'
10:50:29: 'undotree_2 Hide()'
10:50:29: 's:exec() quit'
10:50:29: 'diffpanel_3 Hide()'
10:50:29: 'SetFocus() winnr:2 bufname:diffpanel_3'
10:50:29: 's:exec_silent() norm! 2^W^W'
10:50:29: 's:exec() quit'
10:50:29: 'CleanUpHighlight()'
10:50:29: 's:exec_silent() norm! 1^W^W'
10:50:29: 's:exec_silent() norm! 2^W^W'
10:50:29: 's:exec_silent() norm! 1^W^W'
10:50:29: 'diffpanel_3 Hide()'
10:50:29: '<<< UndotreeToggle() leave'
