17:47:52: '>>> UndotreeToggle()'
17:47:52: 'Unique window id assigned: id_1'
17:47:52: 'undotree_2 Toggle()'
17:47:52: 'undotree.Show()'
17:47:52: 's:exec() silent keepalt topleft vertical30 new undotree_2'
17:47:52: 's:exec() norm! 2^W^W'
17:47:52: 'undotree.Update() update whole tree'
17:47:52: 'SetFocus() winnr:1 bufname:undotree_2'
17:47:52: 's:exec_silent() norm! 1^W^W'
17:47:52: 's:exec() 1,$ d _'
17:47:52: 's:exec() $d _'
17:47:52: 'bak(cur,curhead,newhead): -1 -1 -1'
17:47:52: '(cur,curhead,newhead): 0 -1 -1'
17:47:52: 's:exec() normal! 3G'
17:47:52: 'undotree.UpdateDiff()'
17:47:52: 'diffpanel.Show()'
17:47:52: 's:exec_silent() belowright 10new diffpanel_3'
17:47:52: 'SetFocus() winnr:1 bufname:undotree_2'
17:47:52: 's:exec_silent() norm! 1^W^W'
17:47:52: 'undotree.UpdateDiff()'
17:47:52: 'diffpanel.Update(),seq:0 bufname:init.vim'
17:47:52: 's:exec() norm! 3^W^W'
17:47:52: 'SetFocus() winnr:2 bufname:diffpanel_3'
17:47:52: 's:exec_silent() norm! 2^W^W'
17:47:52: 's:exec() 1,$ d _'
17:47:52: 's:exec() $d _'
17:47:52: 's:exec() norm! gg'
17:47:52: 'SetFocus() winnr:1 bufname:undotree_2'
17:47:52: 's:exec_silent() norm! 1^W^W'
17:47:52: 's:exec() norm! 3^W^W'
17:47:52: '<<< UndotreeToggle() leave'
17:47:59: '>>> UndotreeToggle()'
17:47:59: 'undotree_2 Toggle()'
17:47:59: 'undotree_2 Hide()'
17:47:59: 'SetFocus() winnr:1 bufname:undotree_2'
17:47:59: 's:exec_silent() norm! 1^W^W'
17:47:59: 's:exec() quit'
17:47:59: 'diffpanel_3 Hide()'
17:47:59: 'SetFocus() winnr:2 bufname:diffpanel_3'
17:47:59: 's:exec_silent() norm! 2^W^W'
17:47:59: 's:exec() quit'
17:47:59: 'CleanUpHighlight()'
17:47:59: 's:exec_silent() norm! 1^W^W'
17:47:59: 's:exec_silent() norm! 2^W^W'
17:47:59: 's:exec_silent() norm! 1^W^W'
17:47:59: 'diffpanel_3 Hide()'
17:47:59: '<<< UndotreeToggle() leave'

=======================================
17:54:02: '>>> UndotreeToggle()'
17:54:02: 'Unique window id assigned: id_1'
17:54:02: 'undotree_2 Toggle()'
17:54:02: 'undotree.Show()'
17:54:02: 's:exec() silent keepalt topleft vertical30 new undotree_2'
17:54:02: 's:exec() norm! 2^W^W'
17:54:02: 'undotree.Update() update whole tree'
17:54:02: 'SetFocus() winnr:1 bufname:undotree_2'
17:54:02: 's:exec_silent() norm! 1^W^W'
17:54:02: 's:exec() 1,$ d _'
17:54:02: 's:exec() $d _'
17:54:02: 'bak(cur,curhead,newhead): -1 -1 -1'
17:54:02: '(cur,curhead,newhead): 0 -1 -1'
17:54:02: 's:exec() normal! 3G'
17:54:02: 'undotree.UpdateDiff()'
17:54:02: 'diffpanel.Show()'
17:54:02: 's:exec_silent() belowright 10new diffpanel_3'
17:54:02: 'SetFocus() winnr:1 bufname:undotree_2'
17:54:02: 's:exec_silent() norm! 1^W^W'
17:54:02: 'undotree.UpdateDiff()'
17:54:02: 'diffpanel.Update(),seq:0 bufname:undotree.log'
17:54:02: 's:exec() norm! 3^W^W'
17:54:02: 'SetFocus() winnr:2 bufname:diffpanel_3'
17:54:02: 's:exec_silent() norm! 2^W^W'
17:54:02: 's:exec() 1,$ d _'
17:54:02: 's:exec() $d _'
17:54:02: 's:exec() norm! gg'
17:54:02: 'SetFocus() winnr:1 bufname:undotree_2'
17:54:02: 's:exec_silent() norm! 1^W^W'
17:54:02: 's:exec() norm! 3^W^W'
17:54:02: '<<< UndotreeToggle() leave'
17:54:05: 'undotree.Update() update whole tree'
17:54:05: 'SetFocus() winnr:1 bufname:undotree_2'
17:54:05: 's:exec_silent() norm! 1^W^W'
17:54:05: 's:exec() 1,$ d _'
17:54:05: 's:exec() $d _'
17:54:05: 'bak(cur,curhead,newhead): -1 -1 -1'
17:54:05: '(cur,curhead,newhead): 2 -1 2'
17:54:05: 's:exec() normal! 3G'
17:54:05: 'undotree.UpdateDiff()'
17:54:05: 'diffpanel.Update(),seq:2 bufname:undotree.log'
17:54:05: 's:exec_silent() 3 wincmd w'
17:54:05: 'diffresult: [''12c12'', ''< 17:47:52: ''''bak(cur,curhead,newhead): -1 -1 -1'''''', ''---'', ''>     17:47:52: ''''bak(cur,curhead,newhead): -1 -1 -1'''''']'
17:54:05: 'matchadd(c) ->  \%12l\V    17:47:52: ''bak(cur,curhead,newhead): -1 -1 -1'''
17:54:05: 'SetFocus() winnr:2 bufname:diffpanel_3'
17:54:05: 's:exec_silent() norm! 2^W^W'
17:54:05: 's:exec() 1,$ d _'
17:54:05: 's:exec() $d _'
17:54:05: 's:exec() norm! gg'
17:54:05: 'SetFocus() winnr:1 bufname:undotree_2'
17:54:05: 's:exec_silent() norm! 1^W^W'
17:54:05: 's:exec() norm! 3^W^W'
                                   17:54:17: 'undotree.Update() update whole tree'
17:54:17: 'SetFocus() winnr:1 bufname:undotree_2'
17:54:17: 's:exec_silent() norm! 1^W^W'
17:54:17: 's:exec() 1,$ d _'
17:54:17: 's:exec() $d _'
17:54:17: 'bak(cur,curhead,newhead): -1 -1 -1'
17:54:17: '(cur,curhead,newhead): 1 2 3'
17:54:17: 's:exec() normal! 5G'
17:54:17: 'undotree.UpdateDiff()'
17:54:17: 'diffpanel.Update(),seq:1 bufname:undotree.log'
17:54:17: 's:exec_silent() 3 wincmd w'
17:54:17: 'diffresult: [''47a48,80'', ''> '', ''> ======================================='', ''> 17:54:02: ''''>>> UndotreeToggle()'''''', ''> 17:54:02: ''''Unique window id assigned: id_1'''''', ''> 17:54:02: ''''undotree_2 Toggle()'''''', ''> 17:54:02: ''''undotree.Show()'''''', ''> 17:54:02: ''''s:exec() silent keepalt topleft vertical30 new undotree_2'''''', ''> 17:54:02: ''''s:exec() norm! 2^W^W'''''', ''> 17:54:02: ''''undotree.Update() update whole tree'''''', ''> 17:54:02: ''''SetFocus() winnr:1 bufname:undotree_2'''''', ''> 17:54:02: ''''s:exec_silent() norm! 1^W^W'''''', ''> 17:54:02: ''''s:exec() 1,$ d _'''''', ''> 17:54:02: ''''s:exec() $d _'''''', ''> 17:54:02: ''''bak(cur,curhead,newhead): -1 -1 -1'''''', ''> 17:54:02: ''''(cur,curhead,newhead): 0 -1 -1'''''', ''> 17:54:02: ''''s:exec() normal! 3G'''''', ''> 17:54:02: ''''undotree.UpdateDiff()'''''', ''> 17:54:02: ''''diffpanel.Show()'''''', ''> 17:54:02: ''''s:exec_silent() belowright 10new diffpanel_3'''''', ''> 17:54:02: ''''SetFocus() winnr:1 bufname:undotree_2'''''', ''> 17:54:02: ''''s:exec_silent() norm! 1^W^W'''''', ''> 17:54:02: ''''undotree.UpdateDiff()'''''', ''> 17:54:02: ''''diffpanel.Update(),seq:0 bufname:undotree.log'''''', ''> 17:54:02: ''''s:exec() norm! 3^W^W'''''', ''> 17:54:02: ''''SetFocus() winnr:2 bufname:diffpanel_3'''''', ''> 17:54:02: ''''s:exec_silent() norm! 2^W^W'''''', ''> 17:54:02: ''''s:exec() 1,$ d _'''''', ''> 17:54:02: ''''s:exec() $d _'''''', ''> 17:54:02: ''''s:exec() norm! gg'''''', ''> 17:54:02: ''''SetFocus() winnr:1 bufname:undotree_2'''''', ''> 17:54:02: ''''s:exec_silent() norm! 1^W^W'''''', ''> 17:54:02: ''''s:exec() norm! 3^W^W'''''', ''> 17:54:02: ''''<<< UndotreeToggle() leave'''''']'
17:54:17: 'matchadd(a) ->  \%49l\V======================================='
17:54:17: 'matchadd(a) ->  \%50l\V17:54:02: ''>>> UndotreeToggle()'''
17:54:17: 'matchadd(a) ->  \%51l\V17:54:02: ''Unique window id assigned: id_1'''
17:54:17: 'matchadd(a) ->  \%52l\V17:54:02: ''undotree_2 Toggle()'''
17:54:17: 'matchadd(a) ->  \%53l\V17:54:02: ''undotree.Show()'''
17:54:17: 'matchadd(a) ->  \%54l\V17:54:02: ''s:exec() silent keepalt topleft vertical30 new undotree_2'''
17:54:17: 'matchadd(a) ->  \%55l\V17:54:02: ''s:exec() norm! 2^W^W'''
17:54:17: 'matchadd(a) ->  \%56l\V17:54:02: ''undotree.Update() update whole tree'''
17:54:17: 'matchadd(a) ->  \%57l\V17:54:02: ''SetFocus() winnr:1 bufname:undotree_2'''
17:54:17: 'matchadd(a) ->  \%58l\V17:54:02: ''s:exec_silent() norm! 1^W^W'''
17:54:17: 'matchadd(a) ->  \%59l\V17:54:02: ''s:exec() 1,$ d _'''
17:54:17: 'matchadd(a) ->  \%60l\V17:54:02: ''s:exec() $d _'''
17:54:17: 'matchadd(a) ->  \%61l\V17:54:02: ''bak(cur,curhead,newhead): -1 -1 -1'''
17:54:17: 'matchadd(a) ->  \%62l\V17:54:02: ''(cur,curhead,newhead): 0 -1 -1'''
17:54:17: 'matchadd(a) ->  \%63l\V17:54:02: ''s:exec() normal! 3G'''
17:54:17: 'matchadd(a) ->  \%64l\V17:54:02: ''undotree.UpdateDiff()'''
17:54:17: 'matchadd(a) ->  \%65l\V17:54:02: ''diffpanel.Show()'''
17:54:17: 'matchadd(a) ->  \%66l\V17:54:02: ''s:exec_silent() belowright 10new diffpanel_3'''
17:54:17: 'matchadd(a) ->  \%67l\V17:54:02: ''SetFocus() winnr:1 bufname:undotree_2'''
17:54:17: 'matchadd(a) ->  \%68l\V17:54:02: ''s:exec_silent() norm! 1^W^W'''
17:54:17: 'matchadd(a) ->  \%69l\V17:54:02: ''undotree.UpdateDiff()'''
17:54:17: 'matchadd(a) ->  \%70l\V17:54:02: ''diffpanel.Update(),seq:0 bufname:undotree.log'''
17:54:17: 'matchadd(a) ->  \%71l\V17:54:02: ''s:exec() norm! 3^W^W'''
17:54:17: 'matchadd(a) ->  \%72l\V17:54:02: ''SetFocus() winnr:2 bufname:diffpanel_3'''
17:54:17: 'matchadd(a) ->  \%73l\V17:54:02: ''s:exec_silent() norm! 2^W^W'''
17:54:17: 'matchadd(a) ->  \%74l\V17:54:02: ''s:exec() 1,$ d _'''
17:54:17: 'matchadd(a) ->  \%75l\V17:54:02: ''s:exec() $d _'''
17:54:17: 'matchadd(a) ->  \%76l\V17:54:02: ''s:exec() norm! gg'''
17:54:17: 'matchadd(a) ->  \%77l\V17:54:02: ''SetFocus() winnr:1 bufname:undotree_2'''
17:54:17: 'matchadd(a) ->  \%78l\V17:54:02: ''s:exec_silent() norm! 1^W^W'''
17:54:17: 'matchadd(a) ->  \%79l\V17:54:02: ''s:exec() norm! 3^W^W'''
17:54:17: 'matchadd(a) ->  \%80l\V17:54:02: ''<<< UndotreeToggle() leave'''
17:54:17: 'SetFocus() winnr:2 bufname:diffpanel_3'
17:54:17: 's:exec_silent() norm! 2^W^W'
17:54:17: 's:exec() 1,$ d _'
17:54:17: 's:exec() $d _'
17:54:17: 's:exec() norm! gg'
17:54:17: 'SetFocus() winnr:1 bufname:undotree_2'
17:54:17: 's:exec_silent() norm! 1^W^W'
17:54:17: 's:exec() norm! 3^W^W'
17:54:21: 'Unique window id assigned: id_4'
17:54:21: 'undotree_2 Hide()'
17:54:21: 's:exec() quit'
17:54:21: 'diffpanel_3 Hide()'
17:54:21: 's:exec() quit'

=======================================
23:09:47: '>>> UndotreeToggle()'
23:09:47: 'Unique window id assigned: id_1'
23:09:47: 'undotree_2 Toggle()'
23:09:47: 'undotree.Show()'
23:09:47: 's:exec() silent keepalt topleft vertical30 new undotree_2'
23:09:47: 's:exec() norm! 2^W^W'
23:09:47: 'undotree.Update() update whole tree'
23:09:47: 'SetFocus() winnr:1 bufname:undotree_2'
23:09:47: 's:exec_silent() norm! 1^W^W'
23:09:47: 's:exec() 1,$ d _'
23:09:47: 's:exec() $d _'
23:09:47: 'bak(cur,curhead,newhead): -1 -1 -1'
23:09:47: '(cur,curhead,newhead): 6 -1 6'
23:09:47: 's:exec() normal! 3G'
23:09:47: 'undotree.UpdateDiff()'
23:09:47: 'diffpanel.Show()'
23:09:47: 's:exec_silent() belowright 10new diffpanel_3'
23:09:47: 'SetFocus() winnr:1 bufname:undotree_2'
23:09:47: 's:exec_silent() norm! 1^W^W'
23:09:47: 'undotree.UpdateDiff()'
23:09:47: 'diffpanel.Update(),seq:6 bufname:vim-plug/plugins.vim'
23:09:47: 's:exec_silent() 3 wincmd w'
23:09:47: 'diffresult: [''9d8'', ''< set rtp+=~/Go/bin/fzf'']'
23:09:47: 'SetFocus() winnr:2 bufname:diffpanel_3'
23:09:47: 's:exec_silent() norm! 2^W^W'
23:09:47: 's:exec() 1,$ d _'
23:09:47: 's:exec() $d _'
23:09:47: 's:exec() norm! gg'
23:09:47: 'SetFocus() winnr:1 bufname:undotree_2'
23:09:47: 's:exec_silent() norm! 1^W^W'
23:09:47: 's:exec() norm! 3^W^W'
23:09:47: '<<< UndotreeToggle() leave'
23:09:49: 'undotree.Update() update seqs'
23:09:53: 'Unique window id assigned: id_4'
23:09:54: 'undotreeAction()'
23:09:54: 'undotree.Action() Enter'
23:09:54: 's:exec() norm! 3^W^W'
23:09:54: 's:exec() u 5'
23:09:54: 'undotree.Update() update seqs'
23:09:54: 'SetFocus() winnr:1 bufname:undotree_2'
23:09:54: 's:exec_silent() norm! 1^W^W'
23:09:54: 'bak(cur,curhead,newhead): 6 -1 6'
23:09:54: '(cur,curhead,newhead): 5 6 6'
23:09:54: 's:exec() normal! 4G'
23:09:54: 'undotree.UpdateDiff()'
23:09:54: 'diffpanel.Update(),seq:5 bufname:vim-plug/plugins.vim'
23:09:54: 's:exec_silent() 3 wincmd w'
23:09:54: 'diffresult: [''8a9'', ''> set rtp+=~/Go/bin/fzf'']'
23:09:54: 'matchadd(a) ->  \%9l\Vset rtp+=~/Go/bin/fzf'
23:09:54: 'SetFocus() winnr:2 bufname:diffpanel_3'
23:09:54: 's:exec_silent() norm! 2^W^W'
23:09:54: 's:exec() 1,$ d _'
23:09:54: 's:exec() $d _'
23:09:54: 's:exec() norm! gg'
23:09:54: 'SetFocus() winnr:1 bufname:undotree_2'
23:09:54: 's:exec_silent() norm! 1^W^W'
23:10:02: 'Unique window id assigned: id_5'
23:10:02: 'undotree.Update() update seqs'
23:10:05: 'undotree.Update() update seqs'
23:10:05: 'SetFocus() winnr:1 bufname:undotree_2'
23:10:05: 's:exec_silent() norm! 1^W^W'
23:10:05: 'bak(cur,curhead,newhead): 5 6 6'
23:10:05: '(cur,curhead,newhead): 5 6 6'
23:10:05: 's:exec() normal! 4G'
23:10:05: 'undotree.UpdateDiff()'
23:10:05: 'diffpanel.Update(),seq:5 bufname:vim-plug/plugins.vim'
23:10:05: 'diff cache hit.'
23:10:05: 's:exec() norm! 3^W^W'
23:10:05: 'matchadd(a) ->  \%9l\Vset rtp+=~/Go/bin/fzf'
23:10:05: 'SetFocus() winnr:2 bufname:diffpanel_3'
23:10:05: 's:exec_silent() norm! 2^W^W'
23:10:05: 's:exec() 1,$ d _'
23:10:05: 's:exec() $d _'
23:10:05: 's:exec() norm! gg'
23:10:05: 'SetFocus() winnr:1 bufname:undotree_2'
23:10:05: 's:exec_silent() norm! 1^W^W'
23:10:05: 's:exec() norm! 3^W^W'
23:10:05: 'undotree_2 Hide()'
23:10:05: 's:exec() quit'
23:10:05: 'diffpanel_3 Hide()'
23:10:05: 's:exec() quit'

=======================================
09:34:56: '>>> UndotreeToggle()'
09:34:56: 'Unique window id assigned: id_1'
09:34:56: 'undotree_2 Toggle()'
09:34:56: 'undotree.Show()'
09:34:56: 's:exec() silent keepalt topleft vertical30 new undotree_2'
09:34:56: 's:exec() norm! 2^W^W'
09:34:56: 'undotree.Update() update whole tree'
09:34:56: 'SetFocus() winnr:1 bufname:undotree_2'
09:34:56: 's:exec_silent() norm! 1^W^W'
09:34:56: 's:exec() 1,$ d _'
09:34:56: 's:exec() $d _'
09:34:56: 'bak(cur,curhead,newhead): -1 -1 -1'
09:34:56: '(cur,curhead,newhead): 33 -1 33'
09:34:56: 's:exec() normal! 3G'
09:34:56: 'undotree.UpdateDiff()'
09:34:56: 'diffpanel.Show()'
09:34:56: 's:exec_silent() belowright 10new diffpanel_3'
09:34:56: 'SetFocus() winnr:1 bufname:undotree_2'
09:34:56: 's:exec_silent() norm! 1^W^W'
09:34:56: 'undotree.UpdateDiff()'
09:34:56: 'diffpanel.Update(),seq:33 bufname:plugin.vim'
09:34:56: 's:exec_silent() 3 wincmd w'
09:34:56: 'diffresult: [''108c108'', ''<         \ ''''depends'''' : ''''fzf'''''', ''---'', ''>         \ ''''depends'''' : ''''fzf'''','']'
09:34:56: 'matchadd(c) ->  \%108l\V        \\ ''depends'' : ''fzf'','
09:34:56: 'SetFocus() winnr:2 bufname:diffpanel_3'
09:34:56: 's:exec_silent() norm! 2^W^W'
09:34:56: 's:exec() 1,$ d _'
09:34:56: 's:exec() $d _'
09:34:56: 's:exec() norm! gg'
09:34:56: 'SetFocus() winnr:1 bufname:undotree_2'
09:34:56: 's:exec_silent() norm! 1^W^W'
09:34:56: 's:exec() norm! 3^W^W'
09:34:56: '<<< UndotreeToggle() leave'
09:34:59: '>>> UndotreeToggle()'
09:34:59: 'undotree_2 Toggle()'
09:34:59: 'undotree_2 Hide()'
09:34:59: 'SetFocus() winnr:1 bufname:undotree_2'
09:34:59: 's:exec_silent() norm! 1^W^W'
09:34:59: 's:exec() quit'
09:34:59: 'diffpanel_3 Hide()'
09:34:59: 'SetFocus() winnr:2 bufname:diffpanel_3'
09:34:59: 's:exec_silent() norm! 2^W^W'
09:34:59: 's:exec() quit'
09:34:59: 'CleanUpHighlight()'
09:34:59: 's:exec_silent() norm! 1^W^W'
09:34:59: 's:exec_silent() norm! 2^W^W'
09:34:59: 's:exec_silent() norm! 1^W^W'
09:34:59: 'diffpanel_3 Hide()'
09:34:59: '<<< UndotreeToggle() leave'

=======================================
11:34:10: '>>> UndotreeToggle()'
11:34:10: 'Unique window id assigned: id_1'
11:34:10: 'undotree_2 Toggle()'
11:34:10: 'undotree.Show()'
11:34:10: 's:exec() silent keepalt topleft vertical30 new undotree_2'
11:34:10: 's:exec() norm! 2^W^W'
11:34:10: 'undotree.Update() update whole tree'
11:34:10: 'SetFocus() winnr:1 bufname:undotree_2'
11:34:10: 's:exec_silent() norm! 1^W^W'
11:34:10: 's:exec() 1,$ d _'
11:34:10: 's:exec() $d _'
11:34:10: 'bak(cur,curhead,newhead): -1 -1 -1'
11:34:10: '(cur,curhead,newhead): 0 -1 -1'
11:34:10: 's:exec() normal! 3G'
11:34:10: 'undotree.UpdateDiff()'
11:34:10: 'diffpanel.Show()'
11:34:10: 's:exec_silent() belowright 10new diffpanel_3'
11:34:10: 'SetFocus() winnr:1 bufname:undotree_2'
11:34:10: 's:exec_silent() norm! 1^W^W'
11:34:10: 'undotree.UpdateDiff()'
11:34:10: 'diffpanel.Update(),seq:0 bufname:clipboard.vim'
11:34:10: 's:exec() norm! 3^W^W'
11:34:10: 'SetFocus() winnr:2 bufname:diffpanel_3'
11:34:10: 's:exec_silent() norm! 2^W^W'
11:34:10: 's:exec() 1,$ d _'
11:34:10: 's:exec() $d _'
11:34:10: 's:exec() norm! gg'
11:34:10: 'SetFocus() winnr:1 bufname:undotree_2'
11:34:10: 's:exec_silent() norm! 1^W^W'
11:34:10: 's:exec() norm! 3^W^W'
11:34:10: '<<< UndotreeToggle() leave'
               11:35:52: 'undotree.Update() update whole tree'
11:35:52: 'SetFocus() winnr:1 bufname:undotree_2'
11:35:52: 's:exec_silent() norm! 1^W^W'
11:35:52: 's:exec() 1,$ d _'
11:35:52: 's:exec() $d _'
11:35:52: 'bak(cur,curhead,newhead): -1 -1 -1'
11:35:52: '(cur,curhead,newhead): 1 -1 1'
11:35:52: 's:exec() normal! 3G'
11:35:52: 'undotree.UpdateDiff()'
11:35:52: 'diffpanel.Update(),seq:1 bufname:clipboard.vim'
11:35:52: 's:exec_silent() 3 wincmd w'
11:35:52: 'diffresult: []'
11:35:52: 'SetFocus() winnr:2 bufname:diffpanel_3'
11:35:52: 's:exec_silent() norm! 2^W^W'
11:35:52: 's:exec() 1,$ d _'
11:35:52: 's:exec() $d _'
11:35:52: 's:exec() norm! gg'
11:35:52: 'SetFocus() winnr:1 bufname:undotree_2'
11:35:52: 's:exec_silent() norm! 1^W^W'
11:35:52: 's:exec() norm! 3^W^W'
11:35:54: 'Unique window id assigned: id_4'
11:35:54: 'undotree_2 Hide()'
11:35:54: 's:exec() quit'
11:35:54: 'diffpanel_3 Hide()'
11:35:54: 's:exec() quit'
                                                           11:35:54: 'CleanUpHighlight()'
11:35:54: 's:exec_silent() norm! 1^W^W'
11:35:54: 's:exec_silent() norm! 1^W^W'
11:35:54: 'Unique window id assigned: id_5'

=======================================
21:03:25: '>>> UndotreeToggle()'
21:03:25: 'Unique window id assigned: id_1'
21:03:25: 'undotree_2 Toggle()'
21:03:25: 'undotree.Show()'
21:03:25: 's:exec() silent keepalt topleft vertical30 new undotree_2'
21:03:25: 's:exec() norm! 2^W^W'
21:03:25: 'undotree.Update() update whole tree'
21:03:25: 'SetFocus() winnr:1 bufname:undotree_2'
21:03:25: 's:exec_silent() norm! 1^W^W'
21:03:25: 's:exec() 1,$ d _'
21:03:25: 's:exec() $d _'
21:03:25: 'bak(cur,curhead,newhead): -1 -1 -1'
21:03:25: '(cur,curhead,newhead): 76 -1 76'
21:03:25: 's:exec() normal! 3G'
21:03:25: 'undotree.UpdateDiff()'
21:03:25: 'diffpanel.Show()'
21:03:25: 's:exec_silent() belowright 10new diffpanel_3'
21:03:25: 'SetFocus() winnr:1 bufname:undotree_2'
21:03:25: 's:exec_silent() norm! 1^W^W'
21:03:25: 'undotree.UpdateDiff()'
21:03:25: 'diffpanel.Update(),seq:76 bufname:plugin.vim'
21:03:25: 's:exec_silent() 3 wincmd w'
21:03:25: 'diffresult: [''134a135'', ''>         \ ''''on_event'''': [''''BufReadPre'''',''''BufNewFile''''],'']'
21:03:25: 'matchadd(a) ->  \%135l\V        \\ ''on_event'': [''BufReadPre'',''BufNewFile''],'
21:03:25: 'SetFocus() winnr:2 bufname:diffpanel_3'
21:03:25: 's:exec_silent() norm! 2^W^W'
21:03:25: 's:exec() 1,$ d _'
21:03:25: 's:exec() $d _'
21:03:25: 's:exec() norm! gg'
21:03:25: 'SetFocus() winnr:1 bufname:undotree_2'
21:03:25: 's:exec_silent() norm! 1^W^W'
21:03:25: 's:exec() norm! 3^W^W'
21:03:25: '<<< UndotreeToggle() leave'
21:03:34: 'undotree.Update() update seqs'
21:03:38: 'Unique window id assigned: id_4'
21:03:53: 'undotreeAction()'
21:03:53: 'undotree.Action() Enter'
21:03:53: 's:exec() norm! 3^W^W'
21:03:53: 's:exec() u 70'
21:03:53: 'undotree.Update() update seqs'
21:03:53: 'SetFocus() winnr:1 bufname:undotree_2'
21:03:53: 's:exec_silent() norm! 1^W^W'
21:03:53: 'bak(cur,curhead,newhead): 76 -1 76'
21:03:53: '(cur,curhead,newhead): 70 -1 70'
21:03:53: 's:exec() normal! 9G'
21:03:53: 'undotree.UpdateDiff()'
21:03:53: 'diffpanel.Update(),seq:70 bufname:plugin.vim'
21:03:53: 's:exec_silent() 3 wincmd w'
21:03:53: 'diffresult: [''112c112'', ''<         \ ''''on_event'''': [''''BufReadPre'''',''''BufNewFile''''],'', ''---'', ''>         \:RnvimrToggle ''''on_event'''': [''''BufReadPre'''',''''BufNewFile''''],'']'
21:03:53: 'matchadd(c) ->  \%112l\V        \\:RnvimrToggle ''on_event'': [''BufReadPre'',''BufNewFile''],'
21:03:53: 'SetFocus() winnr:2 bufname:diffpanel_3'
21:03:53: 's:exec_silent() norm! 2^W^W'
21:03:53: 's:exec() 1,$ d _'
21:03:53: 's:exec() $d _'
21:03:53: 's:exec() norm! gg'
21:03:53: 'SetFocus() winnr:1 bufname:undotree_2'
21:03:53: 's:exec_silent() norm! 1^W^W'
21:04:01: 'undotreeAction()'
21:04:01: 'undotree.Action() Enter'
21:04:01: 's:exec() norm! 3^W^W'
21:04:02: 's:exec() u 38'
21:04:02: 'undotree.Update() update seqs'
21:04:02: 'SetFocus() winnr:1 bufname:undotree_2'
21:04:02: 's:exec_silent() norm! 1^W^W'
21:04:02: 'bak(cur,curhead,newhead): 70 -1 70'
21:04:02: '(cur,curhead,newhead): 38 39 70'
21:04:02: 's:exec() normal! 42G'
21:04:02: 'undotree.UpdateDiff()'
21:04:02: 'diffpanel.Update(),seq:38 bufname:plugin.vim'
21:04:02: 's:exec_silent() 3 wincmd w'
21:04:02: 'diffresult: [''31a32'', ''>         \ ''''on_event'''''']'
21:04:02: 'matchadd(a) ->  \%32l\V        \\ ''on_event'''
21:04:02: 'SetFocus() winnr:2 bufname:diffpanel_3'
21:04:02: 's:exec_silent() norm! 2^W^W'
21:04:02: 's:exec() 1,$ d _'
21:04:02: 's:exec() $d _'
21:04:02: 's:exec() norm! gg'
21:04:02: 'SetFocus() winnr:1 bufname:undotree_2'
21:04:02: 's:exec_silent() norm! 1^W^W'
21:04:15: 'undotreeAction()'
21:04:15: 'undotree.Action() Enter'
21:04:15: 's:exec() norm! 3^W^W'
21:04:15: 'undotree.Update() update seqs'
21:04:15: 's:exec() u 37'
21:04:15: 'undotree.Update() update seqs'
21:04:15: 'SetFocus() winnr:1 bufname:undotree_2'
21:04:15: 's:exec_silent() norm! 1^W^W'
21:04:15: 'bak(cur,curhead,newhead): 38 39 70'
21:04:15: '(cur,curhead,newhead): 37 38 70'
21:04:15: 's:exec() normal! 43G'
21:04:15: 'undotree.UpdateDiff()'
21:04:15: 'diffpanel.Update(),seq:37 bufname:plugin.vim'
21:04:15: 's:exec_silent() 3 wincmd w'
21:04:15: 'diffresult: [''134,136c134,136'', ''<     call dein#add(''''lervag/vimtex'''',{'', ''<         \ ''''lazy'''' : 1'', ''<       \ })'', ''---'', ''> "     call dein#add(''''lervag/vimtex'''',{'', ''> "         \ ''''lazy'''' : 1'', ''> "       \ })'']'
21:04:15: 'matchadd(c) ->  \%134l\V\"     call dein#add(''lervag/vimtex'',{'
21:04:15: 'matchadd(c) ->  \%135l\V\"         \\ ''lazy'' : 1'
21:04:15: 'matchadd(c) ->  \%136l\V\"       \\ })'
21:04:15: 'SetFocus() winnr:2 bufname:diffpanel_3'
21:04:15: 's:exec_silent() norm! 2^W^W'
21:04:15: 's:exec() 1,$ d _'
21:04:15: 's:exec() $d _'
21:04:15: 's:exec() norm! gg'
21:04:15: 'SetFocus() winnr:1 bufname:undotree_2'
21:04:15: 's:exec_silent() norm! 1^W^W'
21:04:35: 'Unique window id assigned: id_5'
21:04:37: 'undotree.Update() update seqs'
21:04:54: '>>> UndotreeToggle()'
21:04:54: 'undotree_2 Toggle()'
21:04:54: 'undotree_2 Hide()'
21:04:54: 'SetFocus() winnr:1 bufname:undotree_2'
21:04:54: 's:exec_silent() norm! 1^W^W'
21:04:54: 's:exec() quit'
21:04:54: 'diffpanel_3 Hide()'
21:04:54: 'SetFocus() winnr:2 bufname:diffpanel_3'
21:04:54: 's:exec_silent() norm! 2^W^W'
21:04:54: 's:exec() quit'
21:04:54: 'CleanUpHighlight()'
21:04:54: 's:exec_silent() norm! 1^W^W'
21:04:54: 's:exec_silent() norm! 2^W^W'
21:04:54: 's:exec_silent() norm! 1^W^W'
21:04:54: 'diffpanel_3 Hide()'
21:04:54: '<<< UndotreeToggle() leave'

=======================================
21:18:33: '>>> UndotreeToggle()'
21:18:33: 'Unique window id assigned: id_1'
21:18:33: 'undotree_2 Toggle()'
21:18:33: 'undotree.Show()'
21:18:33: 's:exec() silent keepalt topleft vertical30 new undotree_2'
21:18:33: 's:exec() norm! 2^W^W'
21:18:33: 'undotree.Update() update whole tree'
21:18:33: 'SetFocus() winnr:1 bufname:undotree_2'
21:18:33: 's:exec_silent() norm! 1^W^W'
21:18:33: 's:exec() 1,$ d _'
21:18:33: 's:exec() $d _'
21:18:33: 'bak(cur,curhead,newhead): -1 -1 -1'
21:18:33: '(cur,curhead,newhead): 37 38 70'
21:18:33: 's:exec() normal! 43G'
21:18:33: 'undotree.UpdateDiff()'
21:18:33: 'diffpanel.Show()'
21:18:33: 's:exec_silent() belowright 10new diffpanel_3'
21:18:33: 'SetFocus() winnr:1 bufname:undotree_2'
21:18:33: 's:exec_silent() norm! 1^W^W'
21:18:33: 'undotree.UpdateDiff()'
21:18:33: 'diffpanel.Update(),seq:37 bufname:plugin.vim'
21:18:33: 's:exec_silent() 3 wincmd w'
21:18:33: 'diffresult: [''134,136c134,136'', ''<     call dein#add(''''lervag/vimtex'''',{'', ''<         \ ''''lazy'''' : 1'', ''<       \ })'', ''---'', ''> "     call dein#add(''''lervag/vimtex'''',{'', ''> "         \ ''''lazy'''' : 1'', ''> "       \ })'']'
21:18:33: 'matchadd(c) ->  \%134l\V\"     call dein#add(''lervag/vimtex'',{'
21:18:33: 'matchadd(c) ->  \%135l\V\"         \\ ''lazy'' : 1'
21:18:33: 'matchadd(c) ->  \%136l\V\"       \\ })'
21:18:33: 'SetFocus() winnr:2 bufname:diffpanel_3'
21:18:33: 's:exec_silent() norm! 2^W^W'
21:18:33: 's:exec() 1,$ d _'
21:18:33: 's:exec() $d _'
21:18:33: 's:exec() norm! gg'
21:18:33: 'SetFocus() winnr:1 bufname:undotree_2'
21:18:33: 's:exec_silent() norm! 1^W^W'
21:18:33: 's:exec() norm! 3^W^W'
21:18:33: '<<< UndotreeToggle() leave'
21:18:37: 'Unique window id assigned: id_4'
21:19:03: 'undotreeAction()'
21:19:03: 'undotree.Action() Enter'
21:19:03: 's:exec() norm! 3^W^W'
21:19:03: 's:exec() u 76'
21:19:03: 'undotree.Update() update seqs'
21:19:03: 'SetFocus() winnr:1 bufname:undotree_2'
21:19:03: 's:exec_silent() norm! 1^W^W'
21:19:03: 'bak(cur,curhead,newhead): 37 38 70'
21:19:03: '(cur,curhead,newhead): 76 -1 76'
21:19:03: 's:exec() normal! 3G'
21:19:03: 'undotree.UpdateDiff()'
21:19:03: 'diffpanel.Update(),seq:76 bufname:plugin.vim'
21:19:03: 's:exec_silent() 3 wincmd w'
21:19:03: 'diffresult: [''134a135'', ''>         \ ''''on_event'''': [''''BufReadPre'''',''''BufNewFile''''],'']'
21:19:03: 'matchadd(a) ->  \%135l\V        \\ ''on_event'': [''BufReadPre'',''BufNewFile''],'
21:19:03: 'SetFocus() winnr:2 bufname:diffpanel_3'
21:19:03: 's:exec_silent() norm! 2^W^W'
21:19:03: 's:exec() 1,$ d _'
21:19:03: 's:exec() $d _'
21:19:03: 's:exec() norm! gg'
21:19:03: 'SetFocus() winnr:1 bufname:undotree_2'
21:19:03: 's:exec_silent() norm! 1^W^W'
21:19:14: 'Unique window id assigned: id_5'
21:19:21: 'undotree.Update() update seqs'
21:19:21: 'SetFocus() winnr:1 bufname:undotree_2'
21:19:21: 's:exec_silent() norm! 1^W^W'
21:19:21: 'bak(cur,curhead,newhead): 76 -1 76'
21:19:21: '(cur,curhead,newhead): 76 -1 76'
21:19:21: 's:exec() normal! 3G'
21:19:21: 'undotree.UpdateDiff()'
21:19:21: 'diffpanel.Update(),seq:76 bufname:plugin.vim'
21:19:21: 'diff cache hit.'
21:19:21: 's:exec() norm! 3^W^W'
21:19:21: 'matchadd(a) ->  \%135l\V        \\ ''on_event'': [''BufReadPre'',''BufNewFile''],'
21:19:21: 'SetFocus() winnr:2 bufname:diffpanel_3'
21:19:21: 's:exec_silent() norm! 2^W^W'
21:19:21: 's:exec() 1,$ d _'
21:19:21: 's:exec() $d _'
21:19:21: 's:exec() norm! gg'
21:19:21: 'SetFocus() winnr:1 bufname:undotree_2'
21:19:21: 's:exec_silent() norm! 1^W^W'
21:19:21: 's:exec() norm! 3^W^W'
21:19:23: 'undotree_2 Hide()'
21:19:23: 's:exec() quit'
21:19:23: 'diffpanel_3 Hide()'
21:19:23: 's:exec() quit'

=======================================
22:09:20: '>>> UndotreeToggle()'
22:09:20: 'Unique window id assigned: id_1'
22:09:20: 'undotree_2 Toggle()'
22:09:20: 'undotree.Show()'
22:09:20: 's:exec() silent keepalt topleft vertical30 new undotree_2'
22:09:20: 's:exec() norm! 2^W^W'
22:09:20: 'undotree.Update() update whole tree'
22:09:20: 'SetFocus() winnr:1 bufname:undotree_2'
22:09:20: 's:exec_silent() norm! 1^W^W'
22:09:20: 's:exec() 1,$ d _'
22:09:20: 's:exec() $d _'
22:09:20: 'bak(cur,curhead,newhead): -1 -1 -1'
22:09:20: '(cur,curhead,newhead): 79 -1 79'
22:09:21: 's:exec() normal! 3G'
22:09:21: 'undotree.UpdateDiff()'
22:09:21: 'diffpanel.Show()'
22:09:21: 's:exec_silent() belowright 10new diffpanel_3'
22:09:21: 'SetFocus() winnr:1 bufname:undotree_2'
22:09:21: 's:exec_silent() norm! 1^W^W'
22:09:21: 'undotree.UpdateDiff()'
22:09:21: 'diffpanel.Update(),seq:79 bufname:plugin.vim'
22:09:21: 's:exec_silent() 3 wincmd w'
22:09:21: 'diffresult: [''133d132'', ''<         \ ''''on_event'''': [''''BufReadPre'''',''''BufNewFile''''],'']'
22:09:21: 'SetFocus() winnr:2 bufname:diffpanel_3'
22:09:21: 's:exec_silent() norm! 2^W^W'
22:09:21: 's:exec() 1,$ d _'
22:09:21: 's:exec() $d _'
22:09:21: 's:exec() norm! gg'
22:09:21: 'SetFocus() winnr:1 bufname:undotree_2'
22:09:21: 's:exec_silent() norm! 1^W^W'
22:09:21: 's:exec() norm! 3^W^W'
22:09:21: '<<< UndotreeToggle() leave'
22:09:22: 'undotree.Update() update seqs'
22:09:27: 'Unique window id assigned: id_4'
22:09:30: 'undotreeAction()'
22:09:30: 'undotree.Action() Enter'
22:09:30: 's:exec() norm! 3^W^W'
22:09:30: 's:exec() u 77'
22:09:30: 'undotree.Update() update seqs'
22:09:30: 'SetFocus() winnr:1 bufname:undotree_2'
22:09:30: 's:exec_silent() norm! 1^W^W'
22:09:30: 'bak(cur,curhead,newhead): 79 -1 79'
22:09:30: '(cur,curhead,newhead): 77 78 79'
22:09:30: 's:exec() normal! 5G'
22:09:30: 'undotree.UpdateDiff()'
22:09:30: 'diffpanel.Update(),seq:77 bufname:plugin.vim'
22:09:30: 's:exec_silent() 3 wincmd w'
22:09:30: 'diffresult: [''29a30'', ''>     call dein#disable(''''vim-startify'''')'']'
22:09:30: 'matchadd(a) ->  \%30l\V    call dein#disable(''vim-startify'')'
22:09:30: 'SetFocus() winnr:2 bufname:diffpanel_3'
22:09:30: 's:exec_silent() norm! 2^W^W'
22:09:30: 's:exec() 1,$ d _'
22:09:30: 's:exec() $d _'
22:09:30: 's:exec() norm! gg'
22:09:30: 'SetFocus() winnr:1 bufname:undotree_2'
22:09:30: 's:exec_silent() norm! 1^W^W'
22:09:35: 'undotreeAction()'
22:09:35: 'undotree.Action() Enter'
22:09:35: 's:exec() norm! 3^W^W'
22:09:35: 'undotree.Update() update seqs'
22:09:35: 's:exec() u 78'
22:09:35: 'undotree.Update() update seqs'
22:09:35: 'SetFocus() winnr:1 bufname:undotree_2'
22:09:35: 's:exec_silent() norm! 1^W^W'
22:09:35: 'bak(cur,curhead,newhead): 77 78 79'
22:09:35: '(cur,curhead,newhead): 78 79 79'
22:09:35: 's:exec() normal! 4G'
22:09:35: 'undotree.UpdateDiff()'
22:09:35: 'diffpanel.Update(),seq:78 bufname:plugin.vim'
22:09:35: 's:exec_silent() 3 wincmd w'
22:09:35: 'diffresult: [''132a133'', ''>         \ ''''on_event'''': [''''BufReadPre'''',''''BufNewFile''''],'']'
22:09:35: 'matchadd(a) ->  \%133l\V        \\ ''on_event'': [''BufReadPre'',''BufNewFile''],'
22:09:35: 'SetFocus() winnr:2 bufname:diffpanel_3'
22:09:35: 's:exec_silent() norm! 2^W^W'
22:09:35: 's:exec() 1,$ d _'
22:09:35: 's:exec() $d _'
22:09:35: 's:exec() norm! gg'
22:09:35: 'SetFocus() winnr:1 bufname:undotree_2'
22:09:35: 's:exec_silent() norm! 1^W^W'
22:09:39: 'undotreeAction()'
22:09:39: 'undotree.Action() Enter'
22:09:39: 's:exec() norm! 3^W^W'
22:09:39: 's:exec() u 79'
22:09:39: 'undotree.Update() update seqs'
22:09:39: 'SetFocus() winnr:1 bufname:undotree_2'
22:09:39: 's:exec_silent() norm! 1^W^W'
22:09:39: 'bak(cur,curhead,newhead): 78 79 79'
22:09:39: '(cur,curhead,newhead): 79 -1 79'
22:09:39: 's:exec() normal! 3G'
22:09:39: 'undotree.UpdateDiff()'
22:09:39: 'diffpanel.Update(),seq:79 bufname:plugin.vim'
22:09:39: 'diff cache hit.'
22:09:39: 's:exec() norm! 3^W^W'
22:09:39: 'SetFocus() winnr:2 bufname:diffpanel_3'
22:09:39: 's:exec_silent() norm! 2^W^W'
22:09:39: 's:exec() 1,$ d _'
22:09:39: 's:exec() $d _'
22:09:39: 's:exec() norm! gg'
22:09:39: 'SetFocus() winnr:1 bufname:undotree_2'
22:09:39: 's:exec_silent() norm! 1^W^W'
22:09:42: 'undotreeAction()'
22:09:42: 'undotree.Action() Enter'
22:09:42: 's:exec() norm! 3^W^W'
22:09:42: 's:exec() u 78'
22:09:42: 'undotree.Update() update seqs'
22:09:42: 'SetFocus() winnr:1 bufname:undotree_2'
22:09:42: 's:exec_silent() norm! 1^W^W'
22:09:42: 'bak(cur,curhead,newhead): 79 -1 79'
22:09:42: '(cur,curhead,newhead): 78 79 79'
22:09:42: 's:exec() normal! 4G'
22:09:42: 'undotree.UpdateDiff()'
22:09:42: 'diffpanel.Update(),seq:78 bufname:plugin.vim'
22:09:42: 'diff cache hit.'
22:09:42: 's:exec() norm! 3^W^W'
22:09:42: 'matchadd(a) ->  \%133l\V        \\ ''on_event'': [''BufReadPre'',''BufNewFile''],'
22:09:42: 'SetFocus() winnr:2 bufname:diffpanel_3'
22:09:42: 's:exec_silent() norm! 2^W^W'
22:09:42: 's:exec() 1,$ d _'
22:09:42: 's:exec() $d _'
22:09:42: 's:exec() norm! gg'
22:09:42: 'SetFocus() winnr:1 bufname:undotree_2'
22:09:42: 's:exec_silent() norm! 1^W^W'
22:09:43: 'undotreeAction()'
22:09:43: 'undotree.Action() Enter'
22:09:43: 's:exec() norm! 3^W^W'
22:09:43: 's:exec() u 77'
22:09:43: 'undotree.Update() update seqs'
22:09:43: 'SetFocus() winnr:1 bufname:undotree_2'
22:09:43: 's:exec_silent() norm! 1^W^W'
22:09:43: 'bak(cur,curhead,newhead): 78 79 79'
22:09:43: '(cur,curhead,newhead): 77 78 79'
22:09:43: 's:exec() normal! 5G'
22:09:43: 'undotree.UpdateDiff()'
22:09:43: 'diffpanel.Update(),seq:77 bufname:plugin.vim'
22:09:43: 'diff cache hit.'
22:09:43: 's:exec() norm! 3^W^W'
22:09:43: 'matchadd(a) ->  \%30l\V    call dein#disable(''vim-startify'')'
22:09:43: 'SetFocus() winnr:2 bufname:diffpanel_3'
22:09:43: 's:exec_silent() norm! 2^W^W'
22:09:43: 's:exec() 1,$ d _'
22:09:43: 's:exec() $d _'
22:09:43: 's:exec() norm! gg'
22:09:43: 'SetFocus() winnr:1 bufname:undotree_2'
22:09:43: 's:exec_silent() norm! 1^W^W'
22:09:45: 'undotreeAction()'
22:09:45: 'undotree.Action() Enter'
22:09:45: 's:exec() norm! 3^W^W'
22:09:45: 's:exec() u 76'
22:09:45: 'undotree.Update() update seqs'
22:09:45: 'SetFocus() winnr:1 bufname:undotree_2'
22:09:45: 's:exec_silent() norm! 1^W^W'
22:09:45: 'bak(cur,curhead,newhead): 77 78 79'
22:09:45: '(cur,curhead,newhead): 76 77 79'
22:09:45: 's:exec() normal! 6G'
22:09:45: 'undotree.UpdateDiff()'
22:09:45: 'diffpanel.Update(),seq:76 bufname:plugin.vim'
22:09:45: 's:exec_silent() 3 wincmd w'
22:09:45: 'diffresult: [''134a135'', ''>         \ ''''on_event'''': [''''BufReadPre'''',''''BufNewFile''''],'']'
22:09:45: 'matchadd(a) ->  \%135l\V        \\ ''on_event'': [''BufReadPre'',''BufNewFile''],'
22:09:45: 'SetFocus() winnr:2 bufname:diffpanel_3'
22:09:45: 's:exec_silent() norm! 2^W^W'
22:09:45: 's:exec() 1,$ d _'
22:09:45: 's:exec() $d _'
22:09:45: 's:exec() norm! gg'
22:09:45: 'SetFocus() winnr:1 bufname:undotree_2'
22:09:45: 's:exec_silent() norm! 1^W^W'
22:09:50: 'undotreeAction()'
22:09:50: 'undotree.Action() Enter'
22:09:50: 's:exec() norm! 3^W^W'
22:09:50: 'undotree.Update() update seqs'
22:09:50: 's:exec() u 77'
22:09:50: 'undotree.Update() update seqs'
22:09:50: 'SetFocus() winnr:1 bufname:undotree_2'
22:09:50: 's:exec_silent() norm! 1^W^W'
22:09:50: 'bak(cur,curhead,newhead): 76 77 79'
22:09:50: '(cur,curhead,newhead): 77 78 79'
22:09:50: 's:exec() normal! 5G'
22:09:50: 'undotree.UpdateDiff()'
22:09:50: 'diffpanel.Update(),seq:77 bufname:plugin.vim'
22:09:50: 'diff cache hit.'
22:09:50: 's:exec() norm! 3^W^W'
22:09:50: 'matchadd(a) ->  \%30l\V    call dein#disable(''vim-startify'')'
22:09:50: 'SetFocus() winnr:2 bufname:diffpanel_3'
22:09:50: 's:exec_silent() norm! 2^W^W'
22:09:50: 's:exec() 1,$ d _'
22:09:50: 's:exec() $d _'
22:09:50: 's:exec() norm! gg'
22:09:50: 'SetFocus() winnr:1 bufname:undotree_2'
22:09:50: 's:exec_silent() norm! 1^W^W'
22:09:57: 'undotreeAction()'
22:09:57: 'undotree.Action() Enter'
22:09:57: 's:exec() norm! 3^W^W'
22:09:57: 's:exec() u 76'
22:09:57: 'undotree.Update() update seqs'
22:09:57: 'SetFocus() winnr:1 bufname:undotree_2'
22:09:57: 's:exec_silent() norm! 1^W^W'
22:09:57: 'bak(cur,curhead,newhead): 77 78 79'
22:09:57: '(cur,curhead,newhead): 76 77 79'
22:09:57: 's:exec() normal! 6G'
22:09:57: 'undotree.UpdateDiff()'
22:09:57: 'diffpanel.Update(),seq:76 bufname:plugin.vim'
22:09:57: 'diff cache hit.'
22:09:57: 's:exec() norm! 3^W^W'
22:09:57: 'matchadd(a) ->  \%135l\V        \\ ''on_event'': [''BufReadPre'',''BufNewFile''],'
22:09:57: 'SetFocus() winnr:2 bufname:diffpanel_3'
22:09:57: 's:exec_silent() norm! 2^W^W'
22:09:57: 's:exec() 1,$ d _'
22:09:57: 's:exec() $d _'
22:09:57: 's:exec() norm! gg'
22:09:57: 'SetFocus() winnr:1 bufname:undotree_2'
22:09:57: 's:exec_silent() norm! 1^W^W'
22:10:13: 'Unique window id assigned: id_5'
22:10:14: 'undotree.Update() update seqs'
22:10:14: 'SetFocus() winnr:1 bufname:undotree_2'
22:10:14: 's:exec_silent() norm! 1^W^W'
22:10:14: 'bak(cur,curhead,newhead): 76 77 79'
22:10:14: '(cur,curhead,newhead): 76 77 79'
22:10:14: 's:exec() normal! 6G'
22:10:14: 'undotree.UpdateDiff()'
22:10:14: 'diffpanel.Update(),seq:76 bufname:plugin.vim'
22:10:14: 'diff cache hit.'
22:10:14: 's:exec() norm! 3^W^W'
22:10:14: 'matchadd(a) ->  \%135l\V        \\ ''on_event'': [''BufReadPre'',''BufNewFile''],'
22:10:14: 'SetFocus() winnr:2 bufname:diffpanel_3'
22:10:14: 's:exec_silent() norm! 2^W^W'
22:10:14: 's:exec() 1,$ d _'
22:10:14: 's:exec() $d _'
22:10:14: 's:exec() norm! gg'
22:10:14: 'SetFocus() winnr:1 bufname:undotree_2'
22:10:14: 's:exec_silent() norm! 1^W^W'
22:10:14: 's:exec() norm! 3^W^W'
22:10:16: '>>> UndotreeToggle()'
22:10:16: 'undotree_2 Toggle()'
22:10:16: 'undotree_2 Hide()'
22:10:16: 'SetFocus() winnr:1 bufname:undotree_2'
22:10:16: 's:exec_silent() norm! 1^W^W'
22:10:16: 's:exec() quit'
22:10:16: 'diffpanel_3 Hide()'
22:10:16: 'SetFocus() winnr:2 bufname:diffpanel_3'
22:10:16: 's:exec_silent() norm! 2^W^W'
22:10:16: 's:exec() quit'
22:10:16: 'CleanUpHighlight()'
22:10:16: 's:exec_silent() norm! 1^W^W'
22:10:16: 's:exec_silent() norm! 2^W^W'
22:10:16: 's:exec_silent() norm! 1^W^W'
22:10:16: 'diffpanel_3 Hide()'
22:10:16: '<<< UndotreeToggle() leave'

=======================================
22:50:19: '>>> UndotreeToggle()'
22:50:19: 'Unique window id assigned: id_1'
22:50:19: 'undotree_2 Toggle()'
22:50:19: 'undotree.Show()'
22:50:19: 's:exec() silent keepalt topleft vertical30 new undotree_2'
22:50:19: 's:exec() norm! 2^W^W'
22:50:19: 'undotree.Update() update whole tree'
22:50:19: 'SetFocus() winnr:1 bufname:undotree_2'
22:50:19: 's:exec_silent() norm! 1^W^W'
22:50:19: 's:exec() 1,$ d _'
22:50:19: 's:exec() $d _'
22:50:19: 'bak(cur,curhead,newhead): -1 -1 -1'
22:50:19: '(cur,curhead,newhead): 87 -1 87'
22:50:19: 's:exec() normal! 3G'
22:50:19: 'undotree.UpdateDiff()'
22:50:19: 'diffpanel.Show()'
22:50:19: 's:exec_silent() belowright 10new diffpanel_3'
22:50:19: 'SetFocus() winnr:1 bufname:undotree_2'
22:50:19: 's:exec_silent() norm! 1^W^W'
22:50:19: 'undotree.UpdateDiff()'
22:50:19: 'diffpanel.Update(),seq:87 bufname:plugin.vim'
22:50:19: 's:exec_silent() 3 wincmd w'
22:50:19: 'diffresult: [''147c147'', ''<         \ ''''hook_source'''' : ''''source $HOME/.config/nvim/settings-plug/bracey.vim'''''', ''---'', ''>         \ ''''hook_add'''' : ''''source $HOME/.config/nvim/settings-plug/bracey.vim'''''']'
22:50:19: 'matchadd(c) ->  \%147l\V        \\ ''hook_add'' : ''source $HOME/.config/nvim/settings-plug/bracey.vim'''
22:50:19: 'SetFocus() winnr:2 bufname:diffpanel_3'
22:50:19: 's:exec_silent() norm! 2^W^W'
22:50:19: 's:exec() 1,$ d _'
22:50:19: 's:exec() $d _'
22:50:19: 's:exec() norm! gg'
22:50:19: 'SetFocus() winnr:1 bufname:undotree_2'
22:50:19: 's:exec_silent() norm! 1^W^W'
22:50:19: 's:exec() norm! 3^W^W'
22:50:20: '<<< UndotreeToggle() leave'
22:50:20: 'undotree.Update() update seqs'
22:50:24: 'Unique window id assigned: id_4'
22:50:32: 'undotreeAction()'
22:50:32: 'undotree.Action() Enter'
22:50:32: 's:exec() norm! 3^W^W'
22:50:32: 's:exec() u 76'
22:50:32: 'undotree.Update() update seqs'
22:50:32: 'SetFocus() winnr:1 bufname:undotree_2'
22:50:32: 's:exec_silent() norm! 1^W^W'
22:50:32: 'bak(cur,curhead,newhead): 87 -1 87'
22:50:32: '(cur,curhead,newhead): 76 80 87'
22:50:32: 's:exec() normal! 16G'
22:50:32: 'undotree.UpdateDiff()'
22:50:32: 'diffpanel.Update(),seq:76 bufname:plugin.vim'
22:50:32: 's:exec_silent() 3 wincmd w'
22:50:32: 'diffresult: [''134a135'', ''>         \ ''''on_event'''': [''''BufReadPre'''',''''BufNewFile''''],'']'
22:50:32: 'matchadd(a) ->  \%135l\V        \\ ''on_event'': [''BufReadPre'',''BufNewFile''],'
22:50:32: 'SetFocus() winnr:2 bufname:diffpanel_3'
22:50:32: 's:exec_silent() norm! 2^W^W'
22:50:32: 's:exec() 1,$ d _'
22:50:32: 's:exec() $d _'
22:50:32: 's:exec() norm! gg'
22:50:32: 'SetFocus() winnr:1 bufname:undotree_2'
22:50:32: 's:exec_silent() norm! 1^W^W'
22:50:41: 'undotreeAction()'
22:50:41: 'undotree.Action() Enter'
22:50:41: 's:exec() norm! 3^W^W'
22:50:41: 'undotree.Update() update seqs'
22:50:41: 's:exec() u 75'
22:50:41: 'undotree.Update() update seqs'
22:50:41: 'SetFocus() winnr:1 bufname:undotree_2'
22:50:41: 's:exec_silent() norm! 1^W^W'
22:50:41: 'bak(cur,curhead,newhead): 76 80 87'
22:50:41: '(cur,curhead,newhead): 75 76 87'
22:50:41: 's:exec() normal! 17G'
22:50:41: 'undotree.UpdateDiff()'
22:50:41: 'diffpanel.Update(),seq:75 bufname:plugin.vim'
22:50:41: 's:exec_silent() 3 wincmd w'
22:50:41: 'diffresult: [''124a125'', ''>         \ ''''on_event'''': [''''BufReadPre'''',''''BufNewFile''''],'']'
22:50:41: 'matchadd(a) ->  \%125l\V        \\ ''on_event'': [''BufReadPre'',''BufNewFile''],'
22:50:41: 'SetFocus() winnr:2 bufname:diffpanel_3'
22:50:41: 's:exec_silent() norm! 2^W^W'
22:50:41: 's:exec() 1,$ d _'
22:50:41: 's:exec() $d _'
22:50:41: 's:exec() norm! gg'
22:50:41: 'SetFocus() winnr:1 bufname:undotree_2'
22:50:41: 's:exec_silent() norm! 1^W^W'
22:50:50: 'undotreeAction()'
22:50:50: 'undotree.Action() Enter'
22:50:50: 's:exec() norm! 3^W^W'
22:50:50: 'undotree.Update() update seqs'
22:50:51: 's:exec() u 70'
22:50:51: 'undotree.Update() update seqs'
22:50:51: 'SetFocus() winnr:1 bufname:undotree_2'
22:50:51: 's:exec_silent() norm! 1^W^W'
22:50:51: 'bak(cur,curhead,newhead): 75 76 87'
22:50:51: '(cur,curhead,newhead): 70 -1 70'
22:50:51: 's:exec() normal! 22G'
22:50:51: 'undotree.UpdateDiff()'
22:50:51: 'diffpanel.Update(),seq:70 bufname:plugin.vim'
22:50:51: 's:exec_silent() 3 wincmd w'
22:50:51: 'diffresult: [''112c112'', ''<         \ ''''on_event'''': [''''BufReadPre'''',''''BufNewFile''''],'', ''---'', ''>         \:RnvimrToggle ''''on_event'''': [''''BufReadPre'''',''''BufNewFile''''],'']'
22:50:51: 'matchadd(c) ->  \%112l\V        \\:RnvimrToggle ''on_event'': [''BufReadPre'',''BufNewFile''],'
22:50:51: 'SetFocus() winnr:2 bufname:diffpanel_3'
22:50:51: 's:exec_silent() norm! 2^W^W'
22:50:51: 's:exec() 1,$ d _'
22:50:51: 's:exec() $d _'
22:50:51: 's:exec() norm! gg'
22:50:51: 'SetFocus() winnr:1 bufname:undotree_2'
22:50:51: 's:exec_silent() norm! 1^W^W'
22:50:58: 'undotreeAction()'
22:50:58: 'undotree.Action() Enter'
22:50:58: 's:exec() norm! 3^W^W'
22:50:58: 's:exec() u 69'
22:50:58: 'undotree.Update() update seqs'
22:50:58: 'SetFocus() winnr:1 bufname:undotree_2'
22:50:58: 's:exec_silent() norm! 1^W^W'
22:50:58: 'bak(cur,curhead,newhead): 70 -1 70'
22:50:58: '(cur,curhead,newhead): 69 70 70'
22:50:58: 's:exec() normal! 24G'
22:50:58: 'undotree.UpdateDiff()'
22:50:58: 'diffpanel.Update(),seq:69 bufname:plugin.vim'
22:50:58: 's:exec_silent() 3 wincmd w'
22:50:58: 'diffresult: [''111a112'', ''>         \ ''''on_event'''': [''''BufReadPre'''',''''BufNewFile''''],'']'
22:50:58: 'matchadd(a) ->  \%112l\V        \\ ''on_event'': [''BufReadPre'',''BufNewFile''],'
22:50:58: 'SetFocus() winnr:2 bufname:diffpanel_3'
22:50:58: 's:exec_silent() norm! 2^W^W'
22:50:58: 's:exec() 1,$ d _'
22:50:58: 's:exec() $d _'
22:50:58: 's:exec() norm! gg'
22:50:58: 'SetFocus() winnr:1 bufname:undotree_2'
22:50:58: 's:exec_silent() norm! 1^W^W'
22:51:03: 'undotreeAction()'
22:51:03: 'undotree.Action() Enter'
22:51:03: 's:exec() norm! 3^W^W'
22:51:03: 'undotree.Update() update seqs'
22:51:03: 's:exec() u 76'
22:51:03: 'undotree.Update() update seqs'
22:51:03: 'SetFocus() winnr:1 bufname:undotree_2'
22:51:03: 's:exec_silent() norm! 1^W^W'
22:51:03: 'bak(cur,curhead,newhead): 69 70 70'
22:51:03: '(cur,curhead,newhead): 76 80 70'
22:51:03: 's:exec() normal! 16G'
22:51:03: 'undotree.UpdateDiff()'
22:51:03: 'diffpanel.Update(),seq:76 bufname:plugin.vim'
22:51:03: 'diff cache hit.'
22:51:03: 's:exec() norm! 3^W^W'
22:51:03: 'matchadd(a) ->  \%135l\V        \\ ''on_event'': [''BufReadPre'',''BufNewFile''],'
22:51:03: 'SetFocus() winnr:2 bufname:diffpanel_3'
22:51:03: 's:exec_silent() norm! 2^W^W'
22:51:03: 's:exec() 1,$ d _'
22:51:03: 's:exec() $d _'
22:51:03: 's:exec() norm! gg'
22:51:03: 'SetFocus() winnr:1 bufname:undotree_2'
22:51:03: 's:exec_silent() norm! 1^W^W'
22:51:06: 'undotreeAction()'
22:51:06: 'undotree.Action() Enter'
22:51:06: 's:exec() norm! 3^W^W'
22:51:06: 's:exec() u 77'
22:51:06: 'undotree.Update() update seqs'
22:51:06: 'SetFocus() winnr:1 bufname:undotree_2'
22:51:06: 's:exec_silent() norm! 1^W^W'
22:51:06: 'bak(cur,curhead,newhead): 76 80 70'
22:51:06: '(cur,curhead,newhead): 77 78 70'
22:51:06: 's:exec() normal! 14G'
22:51:06: 'undotree.UpdateDiff()'
22:51:06: 'diffpanel.Update(),seq:77 bufname:plugin.vim'
22:51:06: 's:exec_silent() 3 wincmd w'
22:51:06: 'diffresult: [''29a30'', ''>     call dein#disable(''''vim-startify'''')'']'
22:51:06: 'matchadd(a) ->  \%30l\V    call dein#disable(''vim-startify'')'
22:51:06: 'SetFocus() winnr:2 bufname:diffpanel_3'
22:51:06: 's:exec_silent() norm! 2^W^W'
22:51:06: 's:exec() 1,$ d _'
22:51:06: 's:exec() $d _'
22:51:06: 's:exec() norm! gg'
22:51:06: 'SetFocus() winnr:1 bufname:undotree_2'
22:51:06: 's:exec_silent() norm! 1^W^W'
22:51:12: 'undotreeAction()'
22:51:12: 'undotree.Action() Enter'
22:51:12: 's:exec() norm! 3^W^W'
22:51:12: 's:exec() u 76'
22:51:12: 'undotree.Update() update seqs'
22:51:12: 'SetFocus() winnr:1 bufname:undotree_2'
22:51:12: 's:exec_silent() norm! 1^W^W'
22:51:12: 'bak(cur,curhead,newhead): 77 78 70'
22:51:12: '(cur,curhead,newhead): 76 77 70'
22:51:12: 's:exec() normal! 16G'
22:51:12: 'undotree.UpdateDiff()'
22:51:12: 'diffpanel.Update(),seq:76 bufname:plugin.vim'
22:51:12: 'diff cache hit.'
22:51:12: 's:exec() norm! 3^W^W'
22:51:12: 'matchadd(a) ->  \%135l\V        \\ ''on_event'': [''BufReadPre'',''BufNewFile''],'
22:51:12: 'SetFocus() winnr:2 bufname:diffpanel_3'
22:51:12: 's:exec_silent() norm! 2^W^W'
22:51:12: 's:exec() 1,$ d _'
22:51:12: 's:exec() $d _'
22:51:12: 's:exec() norm! gg'
22:51:12: 'SetFocus() winnr:1 bufname:undotree_2'
22:51:12: 's:exec_silent() norm! 1^W^W'
22:51:16: 'undotree.Update() update seqs'
22:51:16: 'SetFocus() winnr:1 bufname:undotree_2'
22:51:16: 's:exec_silent() norm! 1^W^W'
22:51:16: 'bak(cur,curhead,newhead): 76 77 70'
22:51:16: '(cur,curhead,newhead): 76 77 70'
22:51:16: 's:exec() normal! 16G'
22:51:16: 'undotree.UpdateDiff()'
22:51:16: 'diffpanel.Update(),seq:76 bufname:plugin.vim'
22:51:16: 'diff cache hit.'
22:51:16: 's:exec() norm! 3^W^W'
22:51:16: 'matchadd(a) ->  \%135l\V        \\ ''on_event'': [''BufReadPre'',''BufNewFile''],'
22:51:16: 'SetFocus() winnr:2 bufname:diffpanel_3'
22:51:16: 's:exec_silent() norm! 2^W^W'
22:51:16: 's:exec() 1,$ d _'
22:51:16: 's:exec() $d _'
22:51:16: 's:exec() norm! gg'
22:51:16: 'SetFocus() winnr:1 bufname:undotree_2'
22:51:16: 's:exec_silent() norm! 1^W^W'
22:51:16: 's:exec() norm! 3^W^W'
22:51:17: 'undotree_2 Hide()'
22:51:17: 's:exec() quit'
22:51:17: 'diffpanel_3 Hide()'
22:51:17: 's:exec() quit'

=======================================
23:18:18: '>>> UndotreeToggle()'
23:18:18: 'Unique window id assigned: id_1'
23:18:18: 'undotree_2 Toggle()'
23:18:18: 'undotree.Show()'
23:18:18: 's:exec() silent keepalt topleft vertical30 new undotree_2'
23:18:18: 's:exec() norm! 2^W^W'
23:18:18: 'undotree.Update() update whole tree'
23:18:18: 'SetFocus() winnr:1 bufname:undotree_2'
23:18:18: 's:exec_silent() norm! 1^W^W'
23:18:18: 's:exec() 1,$ d _'
23:18:18: 's:exec() $d _'
23:18:18: 'bak(cur,curhead,newhead): -1 -1 -1'
23:18:18: '(cur,curhead,newhead): 76 77 70'
23:18:18: 's:exec() normal! 16G'
23:18:18: 'undotree.UpdateDiff()'
23:18:18: 'diffpanel.Show()'
23:18:18: 's:exec_silent() belowright 10new diffpanel_3'
23:18:18: 'SetFocus() winnr:1 bufname:undotree_2'
23:18:18: 's:exec_silent() norm! 1^W^W'
23:18:18: 'undotree.UpdateDiff()'
23:18:19: 'diffpanel.Update(),seq:76 bufname:plugin.vim'
23:18:19: 's:exec_silent() 3 wincmd w'
23:18:19: 'diffresult: [''134a135'', ''>         \ ''''on_event'''': [''''BufReadPre'''',''''BufNewFile''''],'']'
23:18:19: 'matchadd(a) ->  \%135l\V        \\ ''on_event'': [''BufReadPre'',''BufNewFile''],'
23:18:19: 'SetFocus() winnr:2 bufname:diffpanel_3'
23:18:19: 's:exec_silent() norm! 2^W^W'
23:18:19: 's:exec() 1,$ d _'
23:18:19: 's:exec() $d _'
23:18:19: 's:exec() norm! gg'
23:18:19: 'SetFocus() winnr:1 bufname:undotree_2'
23:18:19: 's:exec_silent() norm! 1^W^W'
23:18:19: 's:exec() norm! 3^W^W'
23:18:19: '<<< UndotreeToggle() leave'
23:18:20: 'undotree.Update() update seqs'
23:18:23: 'Unique window id assigned: id_4'
23:18:27: 'undotreeAction()'
23:18:27: 'undotree.Action() Enter'
23:18:27: 's:exec() norm! 3^W^W'
23:18:27: 's:exec() u 87'
23:18:27: 'undotree.Update() update seqs'
23:18:27: 'SetFocus() winnr:1 bufname:undotree_2'
23:18:27: 's:exec_silent() norm! 1^W^W'
23:18:27: 'bak(cur,curhead,newhead): 76 77 70'
23:18:27: '(cur,curhead,newhead): 87 -1 87'
23:18:27: 's:exec() normal! 3G'
23:18:27: 'undotree.UpdateDiff()'
23:18:27: 'diffpanel.Update(),seq:87 bufname:plugin.vim'
23:18:27: 's:exec_silent() 3 wincmd w'
23:18:27: 'diffresult: [''147c147'', ''<         \ ''''hook_source'''' : ''''source $HOME/.config/nvim/settings-plug/bracey.vim'''''', ''---'', ''>         \ ''''hook_add'''' : ''''source $HOME/.config/nvim/settings-plug/bracey.vim'''''']'
23:18:27: 'matchadd(c) ->  \%147l\V        \\ ''hook_add'' : ''source $HOME/.config/nvim/settings-plug/bracey.vim'''
23:18:27: 'SetFocus() winnr:2 bufname:diffpanel_3'
23:18:27: 's:exec_silent() norm! 2^W^W'
23:18:27: 's:exec() 1,$ d _'
23:18:27: 's:exec() $d _'
23:18:27: 's:exec() norm! gg'
23:18:27: 'SetFocus() winnr:1 bufname:undotree_2'
23:18:27: 's:exec_silent() norm! 1^W^W'
23:18:38: 'undotree.Update() update seqs'
23:18:38: 'SetFocus() winnr:1 bufname:undotree_2'
23:18:38: 's:exec_silent() norm! 1^W^W'
23:18:38: 'bak(cur,curhead,newhead): 87 -1 87'
23:18:38: '(cur,curhead,newhead): 87 -1 87'
23:18:38: 's:exec() normal! 3G'
23:18:38: 'undotree.UpdateDiff()'
23:18:38: 'diffpanel.Update(),seq:87 bufname:plugin.vim'
23:18:38: 'diff cache hit.'
23:18:38: 's:exec() norm! 3^W^W'
23:18:38: 'matchadd(c) ->  \%147l\V        \\ ''hook_add'' : ''source $HOME/.config/nvim/settings-plug/bracey.vim'''
23:18:38: 'SetFocus() winnr:2 bufname:diffpanel_3'
23:18:38: 's:exec_silent() norm! 2^W^W'
23:18:38: 's:exec() 1,$ d _'
23:18:38: 's:exec() $d _'
23:18:38: 's:exec() norm! gg'
23:18:38: 'SetFocus() winnr:1 bufname:undotree_2'
23:18:38: 's:exec_silent() norm! 1^W^W'
23:18:38: 's:exec() norm! 3^W^W'
23:18:38: 'undotree_2 Hide()'
23:18:38: 's:exec() quit'
23:18:38: 'diffpanel_3 Hide()'
23:18:38: 's:exec() quit'

=======================================
23:27:02: '>>> UndotreeToggle()'
23:27:02: 'Unique window id assigned: id_1'
23:27:02: 'undotree_2 Toggle()'
23:27:02: 'undotree.Show()'
23:27:02: 's:exec() silent keepalt topleft vertical30 new undotree_2'
23:27:02: 's:exec() norm! 2^W^W'
23:27:02: 'undotree.Update() update whole tree'
23:27:02: 'SetFocus() winnr:1 bufname:undotree_2'
23:27:02: 's:exec_silent() norm! 1^W^W'
23:27:02: 's:exec() 1,$ d _'
23:27:02: 's:exec() $d _'
23:27:02: 'bak(cur,curhead,newhead): -1 -1 -1'
23:27:02: '(cur,curhead,newhead): 87 -1 87'
23:27:02: 's:exec() normal! 3G'
23:27:02: 'undotree.UpdateDiff()'
23:27:02: 'diffpanel.Show()'
23:27:02: 's:exec_silent() belowright 10new diffpanel_3'
23:27:02: 'SetFocus() winnr:1 bufname:undotree_2'
23:27:02: 's:exec_silent() norm! 1^W^W'
23:27:02: 'undotree.UpdateDiff()'
23:27:02: 'diffpanel.Update(),seq:87 bufname:plugin.vim'
23:27:02: 's:exec_silent() 3 wincmd w'
23:27:02: 'diffresult: [''147c147'', ''<         \ ''''hook_source'''' : ''''source $HOME/.config/nvim/settings-plug/bracey.vim'''''', ''---'', ''>         \ ''''hook_add'''' : ''''source $HOME/.config/nvim/settings-plug/bracey.vim'''''']'
23:27:02: 'matchadd(c) ->  \%147l\V        \\ ''hook_add'' : ''source $HOME/.config/nvim/settings-plug/bracey.vim'''
23:27:02: 'SetFocus() winnr:2 bufname:diffpanel_3'
23:27:02: 's:exec_silent() norm! 2^W^W'
23:27:02: 's:exec() 1,$ d _'
23:27:02: 's:exec() $d _'
23:27:02: 's:exec() norm! gg'
23:27:02: 'SetFocus() winnr:1 bufname:undotree_2'
23:27:02: 's:exec_silent() norm! 1^W^W'
23:27:02: 's:exec() norm! 3^W^W'
23:27:02: '<<< UndotreeToggle() leave'
23:27:14: 'Unique window id assigned: id_4'
23:27:18: 'Unique window id assigned: id_5'
23:27:36: 'undotreeAction()'
23:27:36: 'undotree.Action() Enter'
23:27:36: 's:exec() norm! 3^W^W'
23:27:36: 's:exec() u 37'
23:27:36: 'undotree.Update() update seqs'
23:27:36: 'SetFocus() winnr:1 bufname:undotree_2'
23:27:36: 's:exec_silent() norm! 1^W^W'
23:27:36: 'bak(cur,curhead,newhead): 87 -1 87'
23:27:36: '(cur,curhead,newhead): 37 38 87'
23:27:36: 's:exec() normal! 56G'
23:27:36: 'undotree.UpdateDiff()'
23:27:36: 'diffpanel.Update(),seq:37 bufname:plugin.vim'
23:27:36: 's:exec_silent() 3 wincmd w'
23:27:36: 'diffresult: [''134,136c134,136'', ''<     call dein#add(''''lervag/vimtex'''',{'', ''<         \ ''''lazy'''' : 1'', ''<       \ })'', ''---'', ''> "     call dein#add(''''lervag/vimtex'''',{'', ''> "         \ ''''lazy'''' : 1'', ''> "       \ })'']'
23:27:36: 'matchadd(c) ->  \%134l\V\"     call dein#add(''lervag/vimtex'',{'
23:27:36: 'matchadd(c) ->  \%135l\V\"         \\ ''lazy'' : 1'
23:27:36: 'matchadd(c) ->  \%136l\V\"       \\ })'
23:27:36: 'SetFocus() winnr:2 bufname:diffpanel_3'
23:27:36: 's:exec_silent() norm! 2^W^W'
23:27:36: 's:exec() 1,$ d _'
23:27:36: 's:exec() $d _'
23:27:36: 's:exec() norm! gg'
23:27:36: 'SetFocus() winnr:1 bufname:undotree_2'
23:27:36: 's:exec_silent() norm! 1^W^W'
23:28:04: 'undotree.Update() update seqs'
23:28:08: 'undotree.Update() update seqs'
23:28:08: 'SetFocus() winnr:1 bufname:undotree_2'
23:28:08: 's:exec_silent() norm! 1^W^W'
23:28:08: 'bak(cur,curhead,newhead): 37 38 87'
23:28:08: '(cur,curhead,newhead): 37 38 87'
23:28:08: 's:exec() normal! 56G'
23:28:08: 'undotree.UpdateDiff()'
23:28:08: 'diffpanel.Update(),seq:37 bufname:plugin.vim'
23:28:08: 'diff cache hit.'
23:28:08: 's:exec() norm! 3^W^W'
23:28:08: 'matchadd(c) ->  \%134l\V\"     call dein#add(''lervag/vimtex'',{'
23:28:08: 'matchadd(c) ->  \%135l\V\"         \\ ''lazy'' : 1'
23:28:08: 'matchadd(c) ->  \%136l\V\"       \\ })'
23:28:08: 'SetFocus() winnr:2 bufname:diffpanel_3'
23:28:08: 's:exec_silent() norm! 2^W^W'
23:28:08: 's:exec() 1,$ d _'
23:28:08: 's:exec() $d _'
23:28:08: 's:exec() norm! gg'
23:28:08: 'SetFocus() winnr:1 bufname:undotree_2'
23:28:08: 's:exec_silent() norm! 1^W^W'
23:28:08: 's:exec() norm! 3^W^W'
23:28:10: 'undotree_2 Hide()'
23:28:10: 's:exec() quit'
23:28:10: 'diffpanel_3 Hide()'
23:28:10: 's:exec() quit'

=======================================
23:31:51: '>>> UndotreeToggle()'
23:31:51: 'Unique window id assigned: id_1'
23:31:51: 'undotree_2 Toggle()'
23:31:51: 'undotree.Show()'
23:31:51: 's:exec() silent keepalt topleft vertical30 new undotree_2'
23:31:51: 's:exec() norm! 2^W^W'
23:31:51: 'undotree.Update() update whole tree'
23:31:52: 'SetFocus() winnr:1 bufname:undotree_2'
23:31:52: 's:exec_silent() norm! 1^W^W'
23:31:52: 's:exec() 1,$ d _'
23:31:52: 's:exec() $d _'
23:31:52: 'bak(cur,curhead,newhead): -1 -1 -1'
23:31:52: '(cur,curhead,newhead): 37 38 87'
23:31:52: 's:exec() normal! 56G'
23:31:52: 'undotree.UpdateDiff()'
23:31:52: 'diffpanel.Show()'
23:31:52: 's:exec_silent() belowright 10new diffpanel_3'
23:31:52: 'SetFocus() winnr:1 bufname:undotree_2'
23:31:52: 's:exec_silent() norm! 1^W^W'
23:31:52: 'undotree.UpdateDiff()'
23:31:52: 'diffpanel.Update(),seq:37 bufname:plugin.vim'
23:31:52: 's:exec_silent() 3 wincmd w'
23:31:52: 'diffresult: [''134,136c134,136'', ''<     call dein#add(''''lervag/vimtex'''',{'', ''<         \ ''''lazy'''' : 1'', ''<       \ })'', ''---'', ''> "     call dein#add(''''lervag/vimtex'''',{'', ''> "         \ ''''lazy'''' : 1'', ''> "       \ })'']'
23:31:52: 'matchadd(c) ->  \%134l\V\"     call dein#add(''lervag/vimtex'',{'
23:31:52: 'matchadd(c) ->  \%135l\V\"         \\ ''lazy'' : 1'
23:31:52: 'matchadd(c) ->  \%136l\V\"       \\ })'
23:31:52: 'SetFocus() winnr:2 bufname:diffpanel_3'
23:31:52: 's:exec_silent() norm! 2^W^W'
23:31:52: 's:exec() 1,$ d _'
23:31:52: 's:exec() $d _'
23:31:52: 's:exec() norm! gg'
23:31:52: 'SetFocus() winnr:1 bufname:undotree_2'
23:31:52: 's:exec_silent() norm! 1^W^W'
23:31:52: 's:exec() norm! 3^W^W'
23:31:52: '<<< UndotreeToggle() leave'
23:31:54: 'Unique window id assigned: id_4'
23:32:02: 'undotreeAction()'
23:32:02: 'undotree.Action() Enter'
23:32:02: 's:exec() norm! 3^W^W'
23:32:03: 's:exec() u 76'
23:32:03: 'undotree.Update() update seqs'
23:32:03: 'SetFocus() winnr:1 bufname:undotree_2'
23:32:03: 's:exec_silent() norm! 1^W^W'
23:32:03: 'bak(cur,curhead,newhead): 37 38 87'
23:32:03: '(cur,curhead,newhead): 76 80 87'
23:32:03: 's:exec() normal! 16G'
23:32:03: 'undotree.UpdateDiff()'
23:32:03: 'diffpanel.Update(),seq:76 bufname:plugin.vim'
23:32:03: 's:exec_silent() 3 wincmd w'
23:32:03: 'diffresult: [''134a135'', ''>         \ ''''on_event'''': [''''BufReadPre'''',''''BufNewFile''''],'']'
23:32:03: 'matchadd(a) ->  \%135l\V        \\ ''on_event'': [''BufReadPre'',''BufNewFile''],'
23:32:03: 'SetFocus() winnr:2 bufname:diffpanel_3'
23:32:03: 's:exec_silent() norm! 2^W^W'
23:32:03: 's:exec() 1,$ d _'
23:32:03: 's:exec() $d _'
23:32:03: 's:exec() norm! gg'
23:32:03: 'SetFocus() winnr:1 bufname:undotree_2'
23:32:03: 's:exec_silent() norm! 1^W^W'
23:32:18: 'undotree_2 Hide()'
23:32:18: 's:exec() quit'
23:32:18: 'diffpanel_3 Hide()'
23:32:18: 's:exec() quit'
                                                        23:32:18: 'CleanUpHighlight()'
23:32:18: 's:exec_silent() norm! 1^W^W'
23:32:18: 's:exec_silent() norm! 1^W^W'
23:32:18: 'Unique window id assigned: id_5'

=======================================
23:45:54: '>>> UndotreeToggle()'
23:45:54: 'Unique window id assigned: id_1'
23:45:54: 'undotree_2 Toggle()'
23:45:54: 'undotree.Show()'
23:45:54: 's:exec() silent keepalt topleft vertical30 new undotree_2'
23:45:54: 's:exec() norm! 2^W^W'
23:45:54: 'undotree.Update() update whole tree'
23:45:54: 'SetFocus() winnr:1 bufname:undotree_2'
23:45:54: 's:exec_silent() norm! 1^W^W'
23:45:54: 's:exec() 1,$ d _'
23:45:54: 's:exec() $d _'
23:45:54: 'bak(cur,curhead,newhead): -1 -1 -1'
23:45:54: '(cur,curhead,newhead): 14 -1 14'
23:45:54: 's:exec() normal! 3G'
23:45:54: 'undotree.UpdateDiff()'
23:45:54: 'diffpanel.Show()'
23:45:54: 's:exec_silent() belowright 10new diffpanel_3'
23:45:54: 'SetFocus() winnr:1 bufname:undotree_2'
23:45:54: 's:exec_silent() norm! 1^W^W'
23:45:54: 'undotree.UpdateDiff()'
23:45:54: 'diffpanel.Update(),seq:14 bufname:lightline.vim'
23:45:54: 's:exec_silent() 3 wincmd w'
23:45:54: 'diffresult: [''74c74'', ''< autocmd Vimenter * call vista#RunForNearestMethodOrFunction()'', ''---'', ''> autocmd VimEnter * call vista#RunForNearestMethodOrFunction()'']'
23:45:54: 'matchadd(c) ->  \%74l\Vautocmd VimEnter * call vista#RunForNearestMethodOrFunction()'
23:45:54: 'SetFocus() winnr:2 bufname:diffpanel_3'
23:45:54: 's:exec_silent() norm! 2^W^W'
23:45:54: 's:exec() 1,$ d _'
23:45:54: 's:exec() $d _'
23:45:54: 's:exec() norm! gg'
23:45:54: 'SetFocus() winnr:1 bufname:undotree_2'
23:45:54: 's:exec_silent() norm! 1^W^W'
23:45:54: 's:exec() norm! 3^W^W'
23:45:54: '<<< UndotreeToggle() leave'
23:45:55: 'undotree.Update() update seqs'
23:45:57: 'Unique window id assigned: id_4'
23:46:01: 'Unique window id assigned: id_5'
23:46:02: 'undotreeAction()'
23:46:02: 'undotree.Action() Enter'
23:46:02: 's:exec() norm! 3^W^W'
23:46:02: 's:exec() u 12'
23:46:02: 'undotree.Update() update seqs'
23:46:02: 'SetFocus() winnr:1 bufname:undotree_2'
23:46:02: 's:exec_silent() norm! 1^W^W'
23:46:02: 'bak(cur,curhead,newhead): 14 -1 14'
23:46:02: '(cur,curhead,newhead): 12 13 14'
23:46:02: 's:exec() normal! 5G'
23:46:02: 'undotree.UpdateDiff()'
23:46:02: 'diffpanel.Update(),seq:12 bufname:lightline.vim'
23:46:02: 's:exec_silent() 3 wincmd w'
23:46:02: 'diffresult: [''74c74'', ''< autocmd VimEnter * call vista#RunForNearestMethodOrFunction()'', ''---'', ''> autocmd BufReadPre,BufNewFile * call vista#RunForNearestMethodOrFunction()'']'
23:46:02: 'matchadd(c) ->  \%74l\Vautocmd BufReadPre,BufNewFile * call vista#RunForNearestMethodOrFunction()'
23:46:02: 'SetFocus() winnr:2 bufname:diffpanel_3'
23:46:02: 's:exec_silent() norm! 2^W^W'
23:46:02: 's:exec() 1,$ d _'
23:46:02: 's:exec() $d _'
23:46:02: 's:exec() norm! gg'
23:46:02: 'SetFocus() winnr:1 bufname:undotree_2'
23:46:02: 's:exec_silent() norm! 1^W^W'
23:46:09: 'undotree.Update() update seqs'
23:46:11: 'undotree.Update() update seqs'
23:46:11: 'SetFocus() winnr:1 bufname:undotree_2'
23:46:11: 's:exec_silent() norm! 1^W^W'
23:46:11: 'bak(cur,curhead,newhead): 12 13 14'
23:46:11: '(cur,curhead,newhead): 12 13 14'
23:46:11: 's:exec() normal! 5G'
23:46:11: 'undotree.UpdateDiff()'
23:46:11: 'diffpanel.Update(),seq:12 bufname:lightline.vim'
23:46:11: 'diff cache hit.'
23:46:11: 's:exec() norm! 3^W^W'
23:46:11: 'matchadd(c) ->  \%74l\Vautocmd BufReadPre,BufNewFile * call vista#RunForNearestMethodOrFunction()'
23:46:11: 'SetFocus() winnr:2 bufname:diffpanel_3'
23:46:11: 's:exec_silent() norm! 2^W^W'
23:46:11: 's:exec() 1,$ d _'
23:46:11: 's:exec() $d _'
23:46:11: 's:exec() norm! gg'
23:46:11: 'SetFocus() winnr:1 bufname:undotree_2'
23:46:11: 's:exec_silent() norm! 1^W^W'
23:46:11: 's:exec() norm! 3^W^W'
23:46:11: 'undotree_2 Hide()'
23:46:11: 's:exec() quit'
23:46:11: 'diffpanel_3 Hide()'
23:46:11: 's:exec() quit'

=======================================
12:08:56: '>>> UndotreeToggle()'
12:08:56: 'Unique window id assigned: id_1'
12:08:56: 'undotree_2 Toggle()'
12:08:56: 'undotree.Show()'
12:08:56: 's:exec() silent keepalt topleft vertical30 new undotree_2'
12:08:56: 's:exec() norm! 2^W^W'
12:08:56: 'undotree.Update() update whole tree'
12:08:56: 'SetFocus() winnr:1 bufname:undotree_2'
12:08:56: 's:exec_silent() norm! 1^W^W'
12:08:56: 's:exec() 1,$ d _'
12:08:56: 's:exec() $d _'
12:08:56: 'bak(cur,curhead,newhead): -1 -1 -1'
12:08:56: '(cur,curhead,newhead): 12 -1 12'
12:08:56: 's:exec() normal! 3G'
12:08:56: 'undotree.UpdateDiff()'
12:08:56: 'diffpanel.Show()'
12:08:56: 's:exec_silent() belowright 10new diffpanel_3'
12:08:56: 'SetFocus() winnr:1 bufname:undotree_2'
12:08:56: 's:exec_silent() norm! 1^W^W'
12:08:56: 'undotree.UpdateDiff()'
12:08:56: 'diffpanel.Update(),seq:12 bufname:vim-plug/plugins.vim'
12:08:56: 's:exec_silent() 3 wincmd w'
12:08:56: 'diffresult: [''158c158'', ''<     \ ''''vista.vim'''','', ''---'', ''>     \ ''''vista.vim'''''']'
12:08:56: 'matchadd(c) ->  \%158l\V    \\ ''vista.vim'''
12:08:56: 'SetFocus() winnr:2 bufname:diffpanel_3'
12:08:56: 's:exec_silent() norm! 2^W^W'
12:08:56: 's:exec() 1,$ d _'
12:08:56: 's:exec() $d _'
12:08:56: 's:exec() norm! gg'
12:08:56: 'SetFocus() winnr:1 bufname:undotree_2'
12:08:56: 's:exec_silent() norm! 1^W^W'
12:08:56: 's:exec() norm! 3^W^W'
12:08:57: '<<< UndotreeToggle() leave'
12:09:05: 'undotree.Update() update seqs'
12:09:10: 'Unique window id assigned: id_4'
12:09:19: 'undotreeAction()'
12:09:19: 'undotree.Action() Enter'
12:09:19: 's:exec() norm! 3^W^W'
12:09:19: 's:exec() u 1'
12:09:19: 'undotree.Update() update seqs'
12:09:19: 'SetFocus() winnr:1 bufname:undotree_2'
12:09:19: 's:exec_silent() norm! 1^W^W'
12:09:19: 'bak(cur,curhead,newhead): 12 -1 12'
12:09:19: '(cur,curhead,newhead): 1 2 12'
12:09:19: 's:exec() normal! 14G'
12:09:19: 'undotree.UpdateDiff()'
12:09:19: 'diffpanel.Update(),seq:1 bufname:vim-plug/plugins.vim'
12:09:19: 's:exec_silent() 3 wincmd w'
12:09:19: 'diffresult: [''159d158'', ''<     \ ''''vim-xtabline'''''']'
12:09:19: 'SetFocus() winnr:2 bufname:diffpanel_3'
12:09:19: 's:exec_silent() norm! 2^W^W'
12:09:19: 's:exec() 1,$ d _'
12:09:19: 's:exec() $d _'
12:09:19: 's:exec() norm! gg'
12:09:19: 'SetFocus() winnr:1 bufname:undotree_2'
12:09:19: 's:exec_silent() norm! 1^W^W'
12:09:22: 'undotreeAction()'
12:09:22: 'undotree.Action() Enter'
12:09:22: 's:exec() norm! 3^W^W'
12:09:22: 'undotree.Update() update seqs'
12:09:22: 's:exec() norm 9999u'
12:09:22: 'undotree.Update() update seqs'
12:09:22: 'SetFocus() winnr:1 bufname:undotree_2'
12:09:22: 's:exec_silent() norm! 1^W^W'
12:09:22: 'bak(cur,curhead,newhead): 1 2 12'
12:09:22: '(cur,curhead,newhead): 0 1 12'
12:09:22: 's:exec() normal! 15G'
12:09:22: 'undotree.UpdateDiff()'
12:09:22: 'diffpanel.Update(),seq:0 bufname:vim-plug/plugins.vim'
12:09:22: 's:exec() norm! 3^W^W'
12:09:22: 'SetFocus() winnr:2 bufname:diffpanel_3'
12:09:22: 's:exec_silent() norm! 2^W^W'
12:09:22: 's:exec() 1,$ d _'
12:09:22: 's:exec() $d _'
12:09:22: 's:exec() norm! gg'
12:09:22: 'SetFocus() winnr:1 bufname:undotree_2'
12:09:22: 's:exec_silent() norm! 1^W^W'
12:09:37: 'Unique window id assigned: id_5'
12:09:39: 'undotree.Update() update seqs'
12:09:39: 'SetFocus() winnr:1 bufname:undotree_2'
12:09:39: 's:exec_silent() norm! 1^W^W'
12:09:39: 'bak(cur,curhead,newhead): 0 1 12'
12:09:39: '(cur,curhead,newhead): 0 1 12'
12:09:39: 's:exec() normal! 15G'
12:09:39: 'undotree.UpdateDiff()'
12:09:39: 'diffpanel.Update(),seq:0 bufname:vim-plug/plugins.vim'
12:09:39: 's:exec() norm! 3^W^W'
12:09:39: 'SetFocus() winnr:2 bufname:diffpanel_3'
12:09:39: 's:exec_silent() norm! 2^W^W'
12:09:39: 's:exec() 1,$ d _'
12:09:39: 's:exec() $d _'
12:09:39: 's:exec() norm! gg'
12:09:39: 'SetFocus() winnr:1 bufname:undotree_2'
12:09:39: 's:exec_silent() norm! 1^W^W'
12:09:39: 's:exec() norm! 3^W^W'
12:09:40: 'undotree_2 Hide()'
12:09:40: 's:exec() quit'
12:09:40: 'diffpanel_3 Hide()'
12:09:40: 's:exec() quit'

=======================================
08:01:20: '>>> UndotreeToggle()'
08:01:20: 'Unique window id assigned: id_1'
08:01:20: 'undotree_2 Toggle()'
08:01:20: 'undotree.Show()'
08:01:20: 's:exec() silent keepalt topleft vertical30 new undotree_2'
08:01:20: 's:exec() norm! 2^W^W'
08:01:20: 'undotree.Update() update whole tree'
08:01:20: 'SetFocus() winnr:1 bufname:undotree_2'
08:01:20: 's:exec_silent() norm! 1^W^W'
08:01:20: 's:exec() 1,$ d _'
08:01:20: 's:exec() $d _'
08:01:20: 'bak(cur,curhead,newhead): -1 -1 -1'
08:01:20: '(cur,curhead,newhead): 5 -1 5'
08:01:20: 's:exec() normal! 3G'
08:01:20: 'undotree.UpdateDiff()'
08:01:20: 'diffpanel.Show()'
08:01:20: 's:exec_silent() belowright 10new diffpanel_3'
08:01:20: 'SetFocus() winnr:1 bufname:undotree_2'
08:01:20: 's:exec_silent() norm! 1^W^W'
08:01:20: 'undotree.UpdateDiff()'
08:01:20: 'diffpanel.Update(),seq:5 bufname:vim-plug/plugins.vim'
08:01:20: 's:exec_silent() 3 wincmd w'
08:01:20: 'diffresult: [''141d140'', ''< endfunction'']'
08:01:20: 'SetFocus() winnr:2 bufname:diffpanel_3'
08:01:20: 's:exec_silent() norm! 2^W^W'
08:01:20: 's:exec() 1,$ d _'
08:01:20: 's:exec() $d _'
08:01:20: 's:exec() norm! gg'
08:01:20: 'SetFocus() winnr:1 bufname:undotree_2'
08:01:20: 's:exec_silent() norm! 1^W^W'
08:01:20: 's:exec() norm! 3^W^W'
08:01:20: '<<< UndotreeToggle() leave'
08:01:22: 'undotree.Update() update seqs'
08:01:32: 'Unique window id assigned: id_4'
08:01:39: 'undotreeAction()'
08:01:39: 'undotree.Action() Enter'
08:01:39: 's:exec() norm! 3^W^W'
08:01:39: 's:exec() u 4'
08:01:39: 'undotree.Update() update seqs'
08:01:39: 'SetFocus() winnr:1 bufname:undotree_2'
08:01:39: 's:exec_silent() norm! 1^W^W'
08:01:39: 'bak(cur,curhead,newhead): 5 -1 5'
08:01:39: '(cur,curhead,newhead): 4 5 5'
08:01:39: 's:exec() normal! 4G'
08:01:39: 'undotree.UpdateDiff()'
08:01:39: 'diffpanel.Update(),seq:4 bufname:vim-plug/plugins.vim'
08:01:39: 's:exec_silent() 3 wincmd w'
08:01:39: 'diffresult: [''141d140'', ''<     luafile $HOME/.config/nvim/lua/plug-colorizer.lua'']'
08:01:39: 'SetFocus() winnr:2 bufname:diffpanel_3'
08:01:39: 's:exec_silent() norm! 2^W^W'
08:01:39: 's:exec() 1,$ d _'
08:01:39: 's:exec() $d _'
08:01:39: 's:exec() norm! gg'
08:01:39: 'SetFocus() winnr:1 bufname:undotree_2'
08:01:39: 's:exec_silent() norm! 1^W^W'
08:01:44: 'undotreeAction()'
08:01:44: 'undotree.Action() Enter'
08:01:44: 's:exec() norm! 3^W^W'
08:01:44: 'undotree.Update() update seqs'
08:01:44: 's:exec() norm 9999u'
08:01:44: 'undotree.Update() update seqs'
08:01:44: 'SetFocus() winnr:1 bufname:undotree_2'
08:01:44: 's:exec_silent() norm! 1^W^W'
08:01:44: 'bak(cur,curhead,newhead): 4 5 5'
08:01:44: '(cur,curhead,newhead): 0 1 5'
08:01:44: 's:exec() normal! 8G'
08:01:44: 'undotree.UpdateDiff()'
08:01:44: 'diffpanel.Update(),seq:0 bufname:vim-plug/plugins.vim'
08:01:44: 's:exec() norm! 3^W^W'
08:01:44: 'SetFocus() winnr:2 bufname:diffpanel_3'
08:01:44: 's:exec_silent() norm! 2^W^W'
08:01:44: 's:exec() 1,$ d _'
08:01:44: 's:exec() $d _'
08:01:44: 's:exec() norm! gg'
08:01:44: 'SetFocus() winnr:1 bufname:undotree_2'
08:01:44: 's:exec_silent() norm! 1^W^W'
08:01:47: 'undotreeAction()'
08:01:47: 'undotree.Action() Enter'
08:01:47: 's:exec() norm! 3^W^W'
08:01:47: 's:exec() u 1'
08:01:47: 'undotree.Update() update seqs'
08:01:47: 'SetFocus() winnr:1 bufname:undotree_2'
08:01:47: 's:exec_silent() norm! 1^W^W'
08:01:47: 'bak(cur,curhead,newhead): 0 1 5'
08:01:47: '(cur,curhead,newhead): 1 2 5'
08:01:47: 's:exec() normal! 7G'
08:01:47: 'undotree.UpdateDiff()'
08:01:47: 'diffpanel.Update(),seq:1 bufname:vim-plug/plugins.vim'
08:01:47: 's:exec_silent() 3 wincmd w'
08:01:47: 'diffresult: [''30d29'', ''<   Plug ''''norcalli/nvim-colorizer.lua'''', {''''on'''' : []}'']'
08:01:47: 'SetFocus() winnr:2 bufname:diffpanel_3'
08:01:47: 's:exec_silent() norm! 2^W^W'
08:01:47: 's:exec() 1,$ d _'
08:01:47: 's:exec() $d _'
08:01:47: 's:exec() norm! gg'
08:01:47: 'SetFocus() winnr:1 bufname:undotree_2'
08:01:47: 's:exec_silent() norm! 1^W^W'
08:01:49: 'undotreeAction()'
08:01:49: 'undotree.Action() Enter'
08:01:49: 's:exec() norm! 3^W^W'
08:01:49: 's:exec() norm 9999u'
08:01:49: 'undotree.Update() update seqs'
08:01:49: 'SetFocus() winnr:1 bufname:undotree_2'
08:01:49: 's:exec_silent() norm! 1^W^W'
08:01:49: 'bak(cur,curhead,newhead): 1 2 5'
08:01:49: '(cur,curhead,newhead): 0 1 5'
08:01:49: 's:exec() normal! 8G'
08:01:49: 'undotree.UpdateDiff()'
08:01:49: 'diffpanel.Update(),seq:0 bufname:vim-plug/plugins.vim'
08:01:49: 's:exec() norm! 3^W^W'
08:01:49: 'SetFocus() winnr:2 bufname:diffpanel_3'
08:01:49: 's:exec_silent() norm! 2^W^W'
08:01:49: 's:exec() 1,$ d _'
08:01:49: 's:exec() $d _'
08:01:49: 's:exec() norm! gg'
08:01:49: 'SetFocus() winnr:1 bufname:undotree_2'
08:01:49: 's:exec_silent() norm! 1^W^W'
08:01:53: 'Unique window id assigned: id_5'
08:01:55: 'undotree.Update() update seqs'
08:01:55: 'SetFocus() winnr:1 bufname:undotree_2'
08:01:55: 's:exec_silent() norm! 1^W^W'
08:01:55: 'bak(cur,curhead,newhead): 0 1 5'
08:01:55: '(cur,curhead,newhead): 0 1 5'
08:01:55: 's:exec() normal! 8G'
08:01:55: 'undotree.UpdateDiff()'
08:01:55: 'diffpanel.Update(),seq:0 bufname:vim-plug/plugins.vim'
08:01:55: 's:exec() norm! 3^W^W'
08:01:55: 'SetFocus() winnr:2 bufname:diffpanel_3'
08:01:55: 's:exec_silent() norm! 2^W^W'
08:01:55: 's:exec() 1,$ d _'
08:01:55: 's:exec() $d _'
08:01:55: 's:exec() norm! gg'
08:01:55: 'SetFocus() winnr:1 bufname:undotree_2'
08:01:55: 's:exec_silent() norm! 1^W^W'
08:01:55: 's:exec() norm! 3^W^W'
08:01:55: 'undotree_2 Hide()'
08:01:55: 's:exec() quit'
08:01:55: 'diffpanel_3 Hide()'
08:01:55: 's:exec() quit'

=======================================
14:50:49: '>>> UndotreeToggle()'
14:50:49: 'Unique window id assigned: id_1'
14:50:49: 'undotree_2 Toggle()'
14:50:49: 'undotree.Show()'
14:50:49: 's:exec() silent keepalt topleft vertical30 new undotree_2'
14:50:49: 's:exec() norm! 2^W^W'
14:50:49: 'undotree.Update() update whole tree'
14:50:49: 'SetFocus() winnr:1 bufname:undotree_2'
14:50:49: 's:exec_silent() norm! 1^W^W'
14:50:49: 's:exec() 1,$ d _'
14:50:49: 's:exec() $d _'
14:50:49: 'bak(cur,curhead,newhead): -1 -1 -1'
14:50:49: '(cur,curhead,newhead): 1 -1 1'
14:50:49: 's:exec() normal! 3G'
14:50:49: 'undotree.UpdateDiff()'
14:50:49: 'diffpanel.Show()'
14:50:49: 's:exec_silent() belowright 10new diffpanel_3'
14:50:49: 'SetFocus() winnr:1 bufname:undotree_2'
14:50:49: 's:exec_silent() norm! 1^W^W'
14:50:49: 'undotree.UpdateDiff()'
14:50:49: 'diffpanel.Update(),seq:1 bufname:lightline.vim'
14:50:49: 's:exec_silent() 3 wincmd w'
14:50:49: 'diffresult: [''16c16'', ''<       \ ''''colorscheme'''' : ''''default'''' ,'', ''---'', ''>       \ ''''colorscheme'''' : ''''onedark'''' ,'']'
14:50:49: 'matchadd(c) ->  \%16l\V      \\ ''colorscheme'' : ''onedark'' ,'
14:50:49: 'SetFocus() winnr:2 bufname:diffpanel_3'
14:50:49: 's:exec_silent() norm! 2^W^W'
14:50:49: 's:exec() 1,$ d _'
14:50:49: 's:exec() $d _'
14:50:49: 's:exec() norm! gg'
14:50:49: 'SetFocus() winnr:1 bufname:undotree_2'
14:50:49: 's:exec_silent() norm! 1^W^W'
14:50:49: 's:exec() norm! 3^W^W'
14:50:49: '<<< UndotreeToggle() leave'
14:50:51: 'undotree.Update() update seqs'
14:50:52: 'Unique window id assigned: id_4'
14:50:54: 'undotreeAction()'
14:50:54: 'undotree.Action() Enter'
14:50:54: 's:exec() norm! 3^W^W'
14:50:54: 's:exec() norm 9999u'
14:50:54: 'undotree.Update() update seqs'
14:50:54: 'SetFocus() winnr:1 bufname:undotree_2'
14:50:54: 's:exec_silent() norm! 1^W^W'
14:50:54: 'bak(cur,curhead,newhead): 1 -1 1'
14:50:54: '(cur,curhead,newhead): 0 1 1'
14:50:54: 's:exec() normal! 4G'
14:50:54: 'undotree.UpdateDiff()'
14:50:54: 'diffpanel.Update(),seq:0 bufname:settings-plug/lightline.vim'
14:50:54: 's:exec() norm! 3^W^W'
14:50:54: 'SetFocus() winnr:2 bufname:diffpanel_3'
14:50:54: 's:exec_silent() norm! 2^W^W'
14:50:54: 's:exec() 1,$ d _'
14:50:54: 's:exec() $d _'
14:50:54: 's:exec() norm! gg'
14:50:54: 'SetFocus() winnr:1 bufname:undotree_2'
14:50:54: 's:exec_silent() norm! 1^W^W'
14:50:58: 'undotreeAction()'
14:50:58: 'undotree.Action() Enter'
14:50:58: 's:exec() norm! 3^W^W'
14:50:58: 's:exec() u 1'
14:50:58: 'undotree.Update() update seqs'
14:50:58: 'SetFocus() winnr:1 bufname:undotree_2'
14:50:58: 's:exec_silent() norm! 1^W^W'
14:50:58: 'bak(cur,curhead,newhead): 0 1 1'
14:50:58: '(cur,curhead,newhead): 1 -1 1'
14:50:58: 's:exec() normal! 3G'
14:50:58: 'undotree.UpdateDiff()'
14:50:58: 'diffpanel.Update(),seq:1 bufname:settings-plug/lightline.vim'
14:50:58: 'diff cache hit.'
14:50:58: 's:exec() norm! 3^W^W'
14:50:58: 'matchadd(c) ->  \%16l\V      \\ ''colorscheme'' : ''onedark'' ,'
14:50:58: 'SetFocus() winnr:2 bufname:diffpanel_3'
14:50:58: 's:exec_silent() norm! 2^W^W'
14:50:58: 's:exec() 1,$ d _'
14:50:58: 's:exec() $d _'
14:50:58: 's:exec() norm! gg'
14:50:58: 'SetFocus() winnr:1 bufname:undotree_2'
14:50:58: 's:exec_silent() norm! 1^W^W'
14:51:42: '>>> UndotreeToggle()'
14:51:42: 'undotree_2 Toggle()'
14:51:42: 'undotree_2 Hide()'
14:51:42: 's:exec() quit'
14:51:42: 'diffpanel_3 Hide()'
14:51:42: 'SetFocus() winnr:2 bufname:diffpanel_3'
14:51:42: 's:exec_silent() norm! 2^W^W'
14:51:42: 's:exec() quit'
14:51:42: 'CleanUpHighlight()'
14:51:42: 's:exec_silent() norm! 1^W^W'
14:51:42: 's:exec_silent() norm! 2^W^W'
14:51:42: 's:exec_silent() norm! 1^W^W'
14:51:43: 'diffpanel_3 Hide()'
14:51:43: '<<< UndotreeToggle() leave'

=======================================
14:51:51: '>>> UndotreeToggle()'
14:51:51: 'Unique window id assigned: id_1'
14:51:51: 'undotree_2 Toggle()'
14:51:51: 'undotree.Show()'
14:51:51: 's:exec() silent keepalt topleft vertical30 new undotree_2'
14:51:51: 's:exec() norm! 2^W^W'
14:51:51: 'undotree.Update() update whole tree'
14:51:51: 'SetFocus() winnr:1 bufname:undotree_2'
14:51:51: 's:exec_silent() norm! 1^W^W'
14:51:51: 's:exec() 1,$ d _'
14:51:51: 's:exec() $d _'
14:51:51: 'bak(cur,curhead,newhead): -1 -1 -1'
14:51:51: '(cur,curhead,newhead): 1 -1 1'
14:51:51: 's:exec() normal! 3G'
14:51:51: 'undotree.UpdateDiff()'
14:51:51: 'diffpanel.Show()'
14:51:51: 's:exec_silent() belowright 10new diffpanel_3'
14:51:51: 'SetFocus() winnr:1 bufname:undotree_2'
14:51:51: 's:exec_silent() norm! 1^W^W'
14:51:51: 'undotree.UpdateDiff()'
14:51:51: 'diffpanel.Update(),seq:1 bufname:lightline.vim'
14:51:51: 's:exec_silent() 3 wincmd w'
14:51:51: 'diffresult: [''16c16'', ''<       \ ''''colorscheme'''' : ''''default'''' ,'', ''---'', ''>       \ ''''colorscheme'''' : ''''onedark'''' ,'']'
14:51:51: 'matchadd(c) ->  \%16l\V      \\ ''colorscheme'' : ''onedark'' ,'
14:51:51: 'SetFocus() winnr:2 bufname:diffpanel_3'
14:51:51: 's:exec_silent() norm! 2^W^W'
14:51:51: 's:exec() 1,$ d _'
14:51:51: 's:exec() $d _'
14:51:51: 's:exec() norm! gg'
14:51:51: 'SetFocus() winnr:1 bufname:undotree_2'
14:51:51: 's:exec_silent() norm! 1^W^W'
14:51:51: 's:exec() norm! 3^W^W'
14:51:51: '<<< UndotreeToggle() leave'
14:51:52: '>>> UndotreeToggle()'
14:51:52: 'undotree_2 Toggle()'
14:51:52: 'undotree_2 Hide()'
14:51:52: 'SetFocus() winnr:1 bufname:undotree_2'
14:51:52: 's:exec_silent() norm! 1^W^W'
14:51:52: 's:exec() quit'
14:51:52: 'diffpanel_3 Hide()'
14:51:52: 'SetFocus() winnr:2 bufname:diffpanel_3'
14:51:52: 's:exec_silent() norm! 2^W^W'
14:51:52: 's:exec() quit'
14:51:52: 'CleanUpHighlight()'
14:51:52: 's:exec_silent() norm! 1^W^W'
14:51:52: 's:exec_silent() norm! 2^W^W'
14:51:52: 's:exec_silent() norm! 1^W^W'
14:51:52: 'diffpanel_3 Hide()'
14:51:52: '<<< UndotreeToggle() leave'

=======================================
16:07:15: '>>> UndotreeToggle()'
16:07:15: 'Unique window id assigned: id_1'
16:07:15: 'undotree_2 Toggle()'
16:07:15: 'undotree.Show()'
16:07:15: 's:exec() silent keepalt topleft vertical30 new undotree_2'
16:07:15: 's:exec() norm! 2^W^W'
16:07:15: 'undotree.Update() update whole tree'
16:07:15: 'SetFocus() winnr:1 bufname:undotree_2'
16:07:15: 's:exec_silent() norm! 1^W^W'
16:07:15: 's:exec() 1,$ d _'
16:07:15: 's:exec() $d _'
16:07:15: 'bak(cur,curhead,newhead): -1 -1 -1'
16:07:15: '(cur,curhead,newhead): 28 -1 28'
16:07:15: 's:exec() normal! 3G'
16:07:15: 'undotree.UpdateDiff()'
16:07:15: 'diffpanel.Show()'
16:07:15: 's:exec_silent() belowright 10new diffpanel_3'
16:07:15: 'SetFocus() winnr:1 bufname:undotree_2'
16:07:15: 's:exec_silent() norm! 1^W^W'
16:07:15: 'undotree.UpdateDiff()'
16:07:15: 'diffpanel.Update(),seq:28 bufname:vim-plug/plugins.vim'
16:07:15: 's:exec_silent() 3 wincmd w'
16:07:15: 'diffresult: [''135c135'', ''< autocmd BufReadPost,BufNewFile * ++once call itself#auto_load('', ''---'', ''> autocmd BufAdd * ++once call itself#auto_load('']'
16:07:15: 'matchadd(c) ->  \%135l\Vautocmd BufAdd * ++once call itself#auto_load('
16:07:15: 'SetFocus() winnr:2 bufname:diffpanel_3'
16:07:15: 's:exec_silent() norm! 2^W^W'
16:07:15: 's:exec() 1,$ d _'
16:07:15: 's:exec() $d _'
16:07:15: 's:exec() norm! gg'
16:07:15: 'SetFocus() winnr:1 bufname:undotree_2'
16:07:15: 's:exec_silent() norm! 1^W^W'
16:07:15: 's:exec() norm! 3^W^W'
16:07:15: '<<< UndotreeToggle() leave'
16:07:18: 'undotree.Update() update seqs'
16:07:19: 'Unique window id assigned: id_4'
16:07:20: 'undotreeAction()'
16:07:20: 'undotree.Action() Enter'
16:07:20: 's:exec() norm! 3^W^W'
16:07:20: 's:exec() u 27'
16:07:20: 'undotree.Update() update seqs'
16:07:20: 'SetFocus() winnr:1 bufname:undotree_2'
16:07:20: 's:exec_silent() norm! 1^W^W'
16:07:20: 'bak(cur,curhead,newhead): 28 -1 28'
16:07:20: '(cur,curhead,newhead): 27 28 28'
16:07:20: 's:exec() normal! 4G'
16:07:20: 'undotree.UpdateDiff()'
16:07:20: 'diffpanel.Update(),seq:27 bufname:vim-plug/plugins.vim'
16:07:20: 's:exec_silent() 3 wincmd w'
16:07:20: 'diffresult: [''136a137'', ''>     \)'']'
16:07:20: 'matchadd(a) ->  \%137l\V    \\)'
16:07:20: 'SetFocus() winnr:2 bufname:diffpanel_3'
16:07:20: 's:exec_silent() norm! 2^W^W'
16:07:20: 's:exec() 1,$ d _'
16:07:20: 's:exec() $d _'
16:07:20: 's:exec() norm! gg'
16:07:20: 'SetFocus() winnr:1 bufname:undotree_2'
16:07:20: 's:exec_silent() norm! 1^W^W'
16:07:26: 'undotreeAction()'
16:07:26: 'undotree.Action() Enter'
16:07:26: 's:exec() norm! 3^W^W'
16:07:26: 'undotree.Update() update seqs'
16:07:26: 's:exec() u 21'
16:07:26: 'undotree.Update() update seqs'
16:07:26: 'SetFocus() winnr:1 bufname:undotree_2'
16:07:26: 's:exec_silent() norm! 1^W^W'
16:07:26: 'bak(cur,curhead,newhead): 27 28 28'
16:07:26: '(cur,curhead,newhead): 21 22 28'
16:07:26: 's:exec() normal! 10G'
16:07:26: 'undotree.UpdateDiff()'
16:07:26: 'diffpanel.Update(),seq:21 bufname:vim-plug/plugins.vim'
16:07:26: 's:exec_silent() 3 wincmd w'
16:07:26: 'diffresult: [''137d136'', ''< '']'
16:07:26: 'SetFocus() winnr:2 bufname:diffpanel_3'
16:07:26: 's:exec_silent() norm! 2^W^W'
16:07:26: 's:exec() 1,$ d _'
16:07:26: 's:exec() $d _'
16:07:26: 's:exec() norm! gg'
16:07:26: 'SetFocus() winnr:1 bufname:undotree_2'
16:07:26: 's:exec_silent() norm! 1^W^W'
16:07:32: 'Unique window id assigned: id_5'
16:07:32: 'undotree.Update() update seqs'
16:07:34: 'undotree.Update() update seqs'
16:07:34: 'SetFocus() winnr:1 bufname:undotree_2'
16:07:34: 's:exec_silent() norm! 1^W^W'
16:07:34: 'bak(cur,curhead,newhead): 21 22 28'
16:07:34: '(cur,curhead,newhead): 21 22 28'
16:07:34: 's:exec() normal! 10G'
16:07:34: 'undotree.UpdateDiff()'
16:07:34: 'diffpanel.Update(),seq:21 bufname:vim-plug/plugins.vim'
16:07:34: 'diff cache hit.'
16:07:34: 's:exec() norm! 3^W^W'
16:07:34: 'SetFocus() winnr:2 bufname:diffpanel_3'
16:07:34: 's:exec_silent() norm! 2^W^W'
16:07:34: 's:exec() 1,$ d _'
16:07:34: 's:exec() $d _'
16:07:34: 's:exec() norm! gg'
16:07:34: 'SetFocus() winnr:1 bufname:undotree_2'
16:07:34: 's:exec_silent() norm! 1^W^W'
16:07:34: 's:exec() norm! 3^W^W'
16:07:34: 'undotree_2 Hide()'
16:07:34: 's:exec() quit'
16:07:34: 'diffpanel_3 Hide()'
16:07:34: 's:exec() quit'

=======================================
21:39:00: '>>> UndotreeToggle()'
21:39:00: 'Unique window id assigned: id_1'
21:39:00: 'undotree_2 Toggle()'
21:39:00: 'undotree.Show()'
21:39:00: 's:exec() silent keepalt topleft vertical30 new undotree_2'
21:39:00: 's:exec() norm! 2^W^W'
21:39:00: 'undotree.Update() update whole tree'
21:39:00: 'SetFocus() winnr:1 bufname:undotree_2'
21:39:00: 's:exec_silent() norm! 1^W^W'
21:39:00: 's:exec() 1,$ d _'
21:39:00: 's:exec() $d _'
21:39:00: 'bak(cur,curhead,newhead): -1 -1 -1'
21:39:00: '(cur,curhead,newhead): 0 -1 -1'
21:39:00: 's:exec() normal! 3G'
21:39:00: 'undotree.UpdateDiff()'
21:39:00: 'diffpanel.Show()'
21:39:00: 's:exec_silent() belowright 10new diffpanel_3'
21:39:00: 'SetFocus() winnr:1 bufname:undotree_2'
21:39:00: 's:exec_silent() norm! 1^W^W'
21:39:00: 'undotree.UpdateDiff()'
21:39:00: 'diffpanel.Update(),seq:0 bufname:dein/plugin.vim'
21:39:00: 's:exec() norm! 3^W^W'
21:39:00: 'SetFocus() winnr:2 bufname:diffpanel_3'
21:39:00: 's:exec_silent() norm! 2^W^W'
21:39:00: 's:exec() 1,$ d _'
21:39:00: 's:exec() $d _'
21:39:00: 's:exec() norm! gg'
21:39:00: 'SetFocus() winnr:1 bufname:undotree_2'
21:39:00: 's:exec_silent() norm! 1^W^W'
21:39:00: 's:exec() norm! 3^W^W'
21:39:00: '<<< UndotreeToggle() leave'
21:39:02: '>>> UndotreeToggle()'
21:39:02: 'undotree_2 Toggle()'
21:39:02: 'undotree_2 Hide()'
21:39:02: 'SetFocus() winnr:1 bufname:undotree_2'
21:39:02: 's:exec_silent() norm! 1^W^W'
21:39:02: 's:exec() quit'
21:39:02: 'diffpanel_3 Hide()'
21:39:02: 'SetFocus() winnr:2 bufname:diffpanel_3'
21:39:02: 's:exec_silent() norm! 2^W^W'
21:39:02: 's:exec() quit'
21:39:02: 'CleanUpHighlight()'
21:39:02: 's:exec_silent() norm! 1^W^W'
21:39:02: 's:exec_silent() norm! 2^W^W'
21:39:02: 's:exec_silent() norm! 1^W^W'
21:39:02: 'diffpanel_3 Hide()'
21:39:02: '<<< UndotreeToggle() leave'
